cardinality,execution_id,executionplan,intention,intention_characters,query_bytes,query_characters,query_cost,query_rows,time_model,time_query
12,8f96c7af-6925-49bc-8c19-3df86610886f,"Plan hash value: 1148224997

---------------------------------------------------------------------------------------
| Id  | Operation           | Name            | Rows  | Bytes | Cost (%CPU)| Time     |
---------------------------------------------------------------------------------------
|   0 | SELECT STATEMENT    |                 |    24 |   696 |    82  (13)| 00:00:01 |
|   1 |  SORT GROUP BY      |                 |    24 |   696 |    82  (13)| 00:00:01 |
|*  2 |   HASH JOIN         |                 | 86835 |  2459K|    76   (6)| 00:00:01 |
|   3 |    TABLE ACCESS FULL| TIME_BY_DAY     |   730 |  8760 |     3   (0)| 00:00:01 |
|   4 |    TABLE ACCESS FULL| SALES_FACT_1997 | 86835 |  1441K|    71   (3)| 00:00:01 |
---------------------------------------------------------------------------------------

Predicate Information (identified by operation id):
---------------------------------------------------

2 - access(""TIME_BY_DAY"".""TIME_ID""=""FT"".""TIME_ID"")
","with sales explain unit_sales by the_month against store_cost, store_sales using CrossCorrelation, Multireg, Polyfit",116,696.0,268.0,82.0,24.0,889,27
36,ba9354fd-8e23-4160-8eb4-5c579be6bf95,"Plan hash value: 165028050

----------------------------------------------------------------------------------------
| Id  | Operation            | Name            | Rows  | Bytes | Cost (%CPU)| Time     |
----------------------------------------------------------------------------------------
|   0 | SELECT STATEMENT     |                 |    51 |  2244 |    88  (14)| 00:00:02 |
|   1 |  SORT GROUP BY       |                 |    51 |  2244 |    88  (14)| 00:00:02 |
|*  2 |   HASH JOIN          |                 | 86835 |  3731K|    81   (7)| 00:00:01 |
|   3 |    TABLE ACCESS FULL | PRODUCT         |  1560 | 17160 |     4   (0)| 00:00:01 |
|*  4 |    HASH JOIN         |                 | 86835 |  2798K|    76   (6)| 00:00:01 |
|   5 |     TABLE ACCESS FULL| TIME_BY_DAY     |   730 |  8760 |     3   (0)| 00:00:01 |
|   6 |     TABLE ACCESS FULL| SALES_FACT_1997 | 86835 |  1780K|    71   (3)| 00:00:01 |
----------------------------------------------------------------------------------------

Predicate Information (identified by operation id):
---------------------------------------------------

2 - access(""PRODUCT"".""PRODUCT_ID""=""FT"".""PRODUCT_ID"")
4 - access(""TIME_BY_DAY"".""TIME_ID""=""FT"".""TIME_ID"")
","with sales explain unit_sales by product_family, the_month against store_cost, store_sales using CrossCorrelation, Multireg, Polyfit",132,2244.0,397.0,88.0,51.0,890,39
323,64684e9f-53dc-4135-9701-293440418024,"Plan hash value: 1148224997

---------------------------------------------------------------------------------------
| Id  | Operation           | Name            | Rows  | Bytes | Cost (%CPU)| Time     |
---------------------------------------------------------------------------------------
|   0 | SELECT STATEMENT    |                 |   730 | 21170 |    82  (13)| 00:00:01 |
|   1 |  SORT GROUP BY      |                 |   730 | 21170 |    82  (13)| 00:00:01 |
|*  2 |   HASH JOIN         |                 | 86835 |  2459K|    76   (6)| 00:00:01 |
|   3 |    TABLE ACCESS FULL| TIME_BY_DAY     |   730 |  8760 |     3   (0)| 00:00:01 |
|   4 |    TABLE ACCESS FULL| SALES_FACT_1997 | 86835 |  1441K|    71   (3)| 00:00:01 |
---------------------------------------------------------------------------------------

Predicate Information (identified by operation id):
---------------------------------------------------

2 - access(""TIME_BY_DAY"".""TIME_ID""=""FT"".""TIME_ID"")
","with sales explain unit_sales by the_date against store_cost, store_sales using CrossCorrelation, Multireg, Polyfit",115,21170.0,265.0,82.0,730.0,892,40
540,93d50598-5e8e-44c7-a884-073fc764d44e,"Plan hash value: 165028050

----------------------------------------------------------------------------------------
| Id  | Operation            | Name            | Rows  | Bytes | Cost (%CPU)| Time     |
----------------------------------------------------------------------------------------
|   0 | SELECT STATEMENT     |                 |   764 | 37436 |    88  (14)| 00:00:02 |
|   1 |  SORT GROUP BY       |                 |   764 | 37436 |    88  (14)| 00:00:02 |
|*  2 |   HASH JOIN          |                 | 86835 |  4155K|    81   (7)| 00:00:01 |
|   3 |    TABLE ACCESS FULL | PRODUCT         |  1560 | 24960 |     4   (0)| 00:00:01 |
|*  4 |    HASH JOIN         |                 | 86835 |  2798K|    76   (6)| 00:00:01 |
|   5 |     TABLE ACCESS FULL| TIME_BY_DAY     |   730 |  8760 |     3   (0)| 00:00:01 |
|   6 |     TABLE ACCESS FULL| SALES_FACT_1997 | 86835 |  1780K|    71   (3)| 00:00:01 |
----------------------------------------------------------------------------------------

Predicate Information (identified by operation id):
---------------------------------------------------

2 - access(""PRODUCT"".""PRODUCT_ID""=""FT"".""PRODUCT_ID"")
4 - access(""TIME_BY_DAY"".""TIME_ID""=""FT"".""TIME_ID"")
","with sales explain unit_sales by product_category, the_month against store_cost, store_sales using CrossCorrelation, Multireg, Polyfit",134,37436.0,403.0,88.0,764.0,889,53
1224,5ead1432-b0a1-45cc-b43d-209c9cb0c40f,"Plan hash value: 165028050

----------------------------------------------------------------------------------------
| Id  | Operation            | Name            | Rows  | Bytes | Cost (%CPU)| Time     |
----------------------------------------------------------------------------------------
|   0 | SELECT STATEMENT     |                 |  1731 | 83088 |    88  (14)| 00:00:02 |
|   1 |  SORT GROUP BY       |                 |  1731 | 83088 |    88  (14)| 00:00:02 |
|*  2 |   HASH JOIN          |                 | 86835 |  4070K|    81   (7)| 00:00:01 |
|   3 |    TABLE ACCESS FULL | PRODUCT         |  1560 | 23400 |     4   (0)| 00:00:01 |
|*  4 |    HASH JOIN         |                 | 86835 |  2798K|    76   (6)| 00:00:01 |
|   5 |     TABLE ACCESS FULL| TIME_BY_DAY     |   730 |  8760 |     3   (0)| 00:00:01 |
|   6 |     TABLE ACCESS FULL| SALES_FACT_1997 | 86835 |  1780K|    71   (3)| 00:00:01 |
----------------------------------------------------------------------------------------

Predicate Information (identified by operation id):
---------------------------------------------------

2 - access(""PRODUCT"".""PRODUCT_ID""=""FT"".""PRODUCT_ID"")
4 - access(""TIME_BY_DAY"".""TIME_ID""=""FT"".""TIME_ID"")
","with sales explain unit_sales by product_subcategory, the_month against store_cost, store_sales using CrossCorrelation, Multireg, Polyfit",137,83088.0,412.0,88.0,1731.0,872,59
12113,41ae9c3b-af9b-4795-8afe-3a403117a83c,"Plan hash value: 251198219

--------------------------------------------------------------------------------------------------
| Id  | Operation              | Name            | Rows  | Bytes |TempSpc| Cost (%CPU)| Time     |
--------------------------------------------------------------------------------------------------
|   0 | SELECT STATEMENT       |                 | 10278 |   672K|       |   614   (3)| 00:00:08 |
|   1 |  SORT GROUP BY         |                 | 10278 |   672K|   856K|   614   (3)| 00:00:08 |
|*  2 |   HASH JOIN            |                 | 10278 |   672K|       |   449   (3)| 00:00:06 |
|   3 |    TABLE ACCESS FULL   | TIME_BY_DAY     |   730 |  8760 |       |     3   (0)| 00:00:01 |
|   4 |    VIEW                | VW_GBC_9        | 10278 |   552K|       |   445   (3)| 00:00:06 |
|   5 |     HASH GROUP BY      |                 | 10278 |   371K|  4440K|   445   (3)| 00:00:06 |
|*  6 |      HASH JOIN         |                 | 86835 |  3137K|       |    77   (6)| 00:00:01 |
|   7 |       TABLE ACCESS FULL| PRODUCT         |  1560 | 24960 |       |     4   (0)| 00:00:01 |
|   8 |       TABLE ACCESS FULL| SALES_FACT_1997 | 86835 |  1780K|       |    71   (3)| 00:00:01 |
--------------------------------------------------------------------------------------------------

Predicate Information (identified by operation id):
---------------------------------------------------

2 - access(""TIME_BY_DAY"".""TIME_ID""=""ITEM_1"")
6 - access(""PRODUCT"".""PRODUCT_ID""=""FT"".""PRODUCT_ID"")
","with sales explain unit_sales by product_category, the_date against store_cost, store_sales using CrossCorrelation, Multireg, Polyfit",133,672000.0,400.0,614.0,10278.0,922,52
16949,63d5ae30-b2d7-41b0-81ee-2f90fc8c1cae,"Plan hash value: 1148224997

-----------------------------------------------------------------------------------------------
| Id  | Operation           | Name            | Rows  | Bytes |TempSpc| Cost (%CPU)| Time     |
-----------------------------------------------------------------------------------------------
|   0 | SELECT STATEMENT    |                 | 86835 |  2883K|       |   873   (2)| 00:00:11 |
|   1 |  SORT GROUP BY      |                 | 86835 |  2883K|  4096K|   873   (2)| 00:00:11 |
|*  2 |   HASH JOIN         |                 | 86835 |  2883K|       |    76   (6)| 00:00:01 |
|   3 |    TABLE ACCESS FULL| TIME_BY_DAY     |   730 |  8760 |       |     3   (0)| 00:00:01 |
|   4 |    TABLE ACCESS FULL| SALES_FACT_1997 | 86835 |  1865K|       |    71   (3)| 00:00:01 |
-----------------------------------------------------------------------------------------------

Predicate Information (identified by operation id):
---------------------------------------------------

2 - access(""TIME_BY_DAY"".""TIME_ID""=""FT"".""TIME_ID"")
","with sales explain unit_sales by customer_id, the_month against store_cost, store_sales using CrossCorrelation, Multireg, Polyfit",129,2883000.0,395.0,873.0,86835.0,921,75
18492,98f16b54-afcf-4a16-b4ff-cc62b9efdfba,"Plan hash value: 1148224997

-----------------------------------------------------------------------------------------------
| Id  | Operation           | Name            | Rows  | Bytes |TempSpc| Cost (%CPU)| Time     |
-----------------------------------------------------------------------------------------------
|   0 | SELECT STATEMENT    |                 | 26458 |   852K|       |   508   (3)| 00:00:07 |
|   1 |  SORT GROUP BY      |                 | 26458 |   852K|  4096K|   508   (3)| 00:00:07 |
|*  2 |   HASH JOIN         |                 | 86835 |  2798K|       |    76   (6)| 00:00:01 |
|   3 |    TABLE ACCESS FULL| TIME_BY_DAY     |   730 |  8760 |       |     3   (0)| 00:00:01 |
|   4 |    TABLE ACCESS FULL| SALES_FACT_1997 | 86835 |  1780K|       |    71   (3)| 00:00:01 |
-----------------------------------------------------------------------------------------------

Predicate Information (identified by operation id):
---------------------------------------------------

2 - access(""TIME_BY_DAY"".""TIME_ID""=""FT"".""TIME_ID"")
","with sales explain unit_sales by product_id, the_month against store_cost, store_sales using CrossCorrelation, Multireg, Polyfit",128,852000.0,385.0,508.0,26458.0,929,66
20525,d85c3a87-cecd-40be-a162-21a26a4f0678,"Plan hash value: 1148224997

-----------------------------------------------------------------------------------------------
| Id  | Operation           | Name            | Rows  | Bytes |TempSpc| Cost (%CPU)| Time     |
-----------------------------------------------------------------------------------------------
|   0 | SELECT STATEMENT    |                 | 86835 |  2883K|       |   873   (2)| 00:00:11 |
|   1 |  SORT GROUP BY      |                 | 86835 |  2883K|  4096K|   873   (2)| 00:00:11 |
|*  2 |   HASH JOIN         |                 | 86835 |  2883K|       |    76   (6)| 00:00:01 |
|   3 |    TABLE ACCESS FULL| TIME_BY_DAY     |   730 |  8760 |       |     3   (0)| 00:00:01 |
|   4 |    TABLE ACCESS FULL| SALES_FACT_1997 | 86835 |  1865K|       |    71   (3)| 00:00:01 |
-----------------------------------------------------------------------------------------------

Predicate Information (identified by operation id):
---------------------------------------------------

2 - access(""TIME_BY_DAY"".""TIME_ID""=""FT"".""TIME_ID"")
","with sales explain unit_sales by customer_id, the_date against store_cost, store_sales using CrossCorrelation, Multireg, Polyfit",128,2883000.0,392.0,873.0,86835.0,933,70
77832,edccd843-11bb-44fa-bc50-58dcabe12049,"Plan hash value: 1148224997

-----------------------------------------------------------------------------------------------
| Id  | Operation           | Name            | Rows  | Bytes |TempSpc| Cost (%CPU)| Time     |
-----------------------------------------------------------------------------------------------
|   0 | SELECT STATEMENT    |                 | 86835 |  2798K|       |   855   (2)| 00:00:11 |
|   1 |  SORT GROUP BY      |                 | 86835 |  2798K|  4096K|   855   (2)| 00:00:11 |
|*  2 |   HASH JOIN         |                 | 86835 |  2798K|       |    76   (6)| 00:00:01 |
|   3 |    TABLE ACCESS FULL| TIME_BY_DAY     |   730 |  8760 |       |     3   (0)| 00:00:01 |
|   4 |    TABLE ACCESS FULL| SALES_FACT_1997 | 86835 |  1780K|       |    71   (3)| 00:00:01 |
-----------------------------------------------------------------------------------------------

Predicate Information (identified by operation id):
---------------------------------------------------

2 - access(""TIME_BY_DAY"".""TIME_ID""=""FT"".""TIME_ID"")
","with sales explain unit_sales by product_id, the_date against store_cost, store_sales using CrossCorrelation, Multireg, Polyfit",127,2798000.0,382.0,855.0,86835.0,1020,84
86832,954bfdfd-a3dc-4048-9b0c-d87f6146e4e2,"Plan hash value: 1148224997

-----------------------------------------------------------------------------------------------
| Id  | Operation           | Name            | Rows  | Bytes |TempSpc| Cost (%CPU)| Time     |
-----------------------------------------------------------------------------------------------
|   0 | SELECT STATEMENT    |                 | 86835 |  3222K|       |   939   (2)| 00:00:12 |
|   1 |  SORT GROUP BY      |                 | 86835 |  3222K|  4800K|   939   (2)| 00:00:12 |
|*  2 |   HASH JOIN         |                 | 86835 |  3222K|       |    76   (6)| 00:00:01 |
|   3 |    TABLE ACCESS FULL| TIME_BY_DAY     |   730 |  8760 |       |     3   (0)| 00:00:01 |
|   4 |    TABLE ACCESS FULL| SALES_FACT_1997 | 86835 |  2204K|       |    71   (3)| 00:00:01 |
-----------------------------------------------------------------------------------------------

Predicate Information (identified by operation id):
---------------------------------------------------

2 - access(""TIME_BY_DAY"".""TIME_ID""=""FT"".""TIME_ID"")
","with sales explain unit_sales by customer_id, product_id, the_date against store_cost, store_sales using CrossCorrelation, Multireg, Polyfit",140,3222000.0,509.0,939.0,86835.0,1056,96
12,a3655c5c-395b-4132-afbf-000bb4833a21,"Plan hash value: 1148224997

---------------------------------------------------------------------------------------
| Id  | Operation           | Name            | Rows  | Bytes | Cost (%CPU)| Time     |
---------------------------------------------------------------------------------------
|   0 | SELECT STATEMENT    |                 |    24 |   696 |    82  (13)| 00:00:01 |
|   1 |  SORT GROUP BY      |                 |    24 |   696 |    82  (13)| 00:00:01 |
|*  2 |   HASH JOIN         |                 | 86835 |  2459K|    76   (6)| 00:00:01 |
|   3 |    TABLE ACCESS FULL| TIME_BY_DAY     |   730 |  8760 |     3   (0)| 00:00:01 |
|   4 |    TABLE ACCESS FULL| SALES_FACT_1997 | 86835 |  1441K|    71   (3)| 00:00:01 |
---------------------------------------------------------------------------------------

Predicate Information (identified by operation id):
---------------------------------------------------

2 - access(""TIME_BY_DAY"".""TIME_ID""=""FT"".""TIME_ID"")
","with sales explain unit_sales by the_month against store_cost, store_sales using CrossCorrelation, Multireg, Polyfit",116,696.0,268.0,82.0,24.0,885,31
36,420abcf0-a307-4839-b8dd-c5457f401366,"Plan hash value: 165028050

----------------------------------------------------------------------------------------
| Id  | Operation            | Name            | Rows  | Bytes | Cost (%CPU)| Time     |
----------------------------------------------------------------------------------------
|   0 | SELECT STATEMENT     |                 |    51 |  2244 |    88  (14)| 00:00:02 |
|   1 |  SORT GROUP BY       |                 |    51 |  2244 |    88  (14)| 00:00:02 |
|*  2 |   HASH JOIN          |                 | 86835 |  3731K|    81   (7)| 00:00:01 |
|   3 |    TABLE ACCESS FULL | PRODUCT         |  1560 | 17160 |     4   (0)| 00:00:01 |
|*  4 |    HASH JOIN         |                 | 86835 |  2798K|    76   (6)| 00:00:01 |
|   5 |     TABLE ACCESS FULL| TIME_BY_DAY     |   730 |  8760 |     3   (0)| 00:00:01 |
|   6 |     TABLE ACCESS FULL| SALES_FACT_1997 | 86835 |  1780K|    71   (3)| 00:00:01 |
----------------------------------------------------------------------------------------

Predicate Information (identified by operation id):
---------------------------------------------------

2 - access(""PRODUCT"".""PRODUCT_ID""=""FT"".""PRODUCT_ID"")
4 - access(""TIME_BY_DAY"".""TIME_ID""=""FT"".""TIME_ID"")
","with sales explain unit_sales by product_family, the_month against store_cost, store_sales using CrossCorrelation, Multireg, Polyfit",132,2244.0,397.0,88.0,51.0,901,39
323,305fd8bf-13f9-43ad-8461-7e125d3c4a7f,"Plan hash value: 1148224997

---------------------------------------------------------------------------------------
| Id  | Operation           | Name            | Rows  | Bytes | Cost (%CPU)| Time     |
---------------------------------------------------------------------------------------
|   0 | SELECT STATEMENT    |                 |   730 | 21170 |    82  (13)| 00:00:01 |
|   1 |  SORT GROUP BY      |                 |   730 | 21170 |    82  (13)| 00:00:01 |
|*  2 |   HASH JOIN         |                 | 86835 |  2459K|    76   (6)| 00:00:01 |
|   3 |    TABLE ACCESS FULL| TIME_BY_DAY     |   730 |  8760 |     3   (0)| 00:00:01 |
|   4 |    TABLE ACCESS FULL| SALES_FACT_1997 | 86835 |  1441K|    71   (3)| 00:00:01 |
---------------------------------------------------------------------------------------

Predicate Information (identified by operation id):
---------------------------------------------------

2 - access(""TIME_BY_DAY"".""TIME_ID""=""FT"".""TIME_ID"")
","with sales explain unit_sales by the_date against store_cost, store_sales using CrossCorrelation, Multireg, Polyfit",115,21170.0,265.0,82.0,730.0,897,32
540,b06ec386-06bd-4da5-a10c-076125e785b9,"Plan hash value: 165028050

----------------------------------------------------------------------------------------
| Id  | Operation            | Name            | Rows  | Bytes | Cost (%CPU)| Time     |
----------------------------------------------------------------------------------------
|   0 | SELECT STATEMENT     |                 |   764 | 37436 |    88  (14)| 00:00:02 |
|   1 |  SORT GROUP BY       |                 |   764 | 37436 |    88  (14)| 00:00:02 |
|*  2 |   HASH JOIN          |                 | 86835 |  4155K|    81   (7)| 00:00:01 |
|   3 |    TABLE ACCESS FULL | PRODUCT         |  1560 | 24960 |     4   (0)| 00:00:01 |
|*  4 |    HASH JOIN         |                 | 86835 |  2798K|    76   (6)| 00:00:01 |
|   5 |     TABLE ACCESS FULL| TIME_BY_DAY     |   730 |  8760 |     3   (0)| 00:00:01 |
|   6 |     TABLE ACCESS FULL| SALES_FACT_1997 | 86835 |  1780K|    71   (3)| 00:00:01 |
----------------------------------------------------------------------------------------

Predicate Information (identified by operation id):
---------------------------------------------------

2 - access(""PRODUCT"".""PRODUCT_ID""=""FT"".""PRODUCT_ID"")
4 - access(""TIME_BY_DAY"".""TIME_ID""=""FT"".""TIME_ID"")
","with sales explain unit_sales by product_category, the_month against store_cost, store_sales using CrossCorrelation, Multireg, Polyfit",134,37436.0,403.0,88.0,764.0,900,53
1224,86ab5375-b465-4874-b785-7ec1ff8ab568,"Plan hash value: 165028050

----------------------------------------------------------------------------------------
| Id  | Operation            | Name            | Rows  | Bytes | Cost (%CPU)| Time     |
----------------------------------------------------------------------------------------
|   0 | SELECT STATEMENT     |                 |  1731 | 83088 |    88  (14)| 00:00:02 |
|   1 |  SORT GROUP BY       |                 |  1731 | 83088 |    88  (14)| 00:00:02 |
|*  2 |   HASH JOIN          |                 | 86835 |  4070K|    81   (7)| 00:00:01 |
|   3 |    TABLE ACCESS FULL | PRODUCT         |  1560 | 23400 |     4   (0)| 00:00:01 |
|*  4 |    HASH JOIN         |                 | 86835 |  2798K|    76   (6)| 00:00:01 |
|   5 |     TABLE ACCESS FULL| TIME_BY_DAY     |   730 |  8760 |     3   (0)| 00:00:01 |
|   6 |     TABLE ACCESS FULL| SALES_FACT_1997 | 86835 |  1780K|    71   (3)| 00:00:01 |
----------------------------------------------------------------------------------------

Predicate Information (identified by operation id):
---------------------------------------------------

2 - access(""PRODUCT"".""PRODUCT_ID""=""FT"".""PRODUCT_ID"")
4 - access(""TIME_BY_DAY"".""TIME_ID""=""FT"".""TIME_ID"")
","with sales explain unit_sales by product_subcategory, the_month against store_cost, store_sales using CrossCorrelation, Multireg, Polyfit",137,83088.0,412.0,88.0,1731.0,894,54
12113,e27d748b-efb4-423f-88ea-ea3ec592315d,"Plan hash value: 251198219

--------------------------------------------------------------------------------------------------
| Id  | Operation              | Name            | Rows  | Bytes |TempSpc| Cost (%CPU)| Time     |
--------------------------------------------------------------------------------------------------
|   0 | SELECT STATEMENT       |                 | 10278 |   672K|       |   614   (3)| 00:00:08 |
|   1 |  SORT GROUP BY         |                 | 10278 |   672K|   856K|   614   (3)| 00:00:08 |
|*  2 |   HASH JOIN            |                 | 10278 |   672K|       |   449   (3)| 00:00:06 |
|   3 |    TABLE ACCESS FULL   | TIME_BY_DAY     |   730 |  8760 |       |     3   (0)| 00:00:01 |
|   4 |    VIEW                | VW_GBC_9        | 10278 |   552K|       |   445   (3)| 00:00:06 |
|   5 |     HASH GROUP BY      |                 | 10278 |   371K|  4440K|   445   (3)| 00:00:06 |
|*  6 |      HASH JOIN         |                 | 86835 |  3137K|       |    77   (6)| 00:00:01 |
|   7 |       TABLE ACCESS FULL| PRODUCT         |  1560 | 24960 |       |     4   (0)| 00:00:01 |
|   8 |       TABLE ACCESS FULL| SALES_FACT_1997 | 86835 |  1780K|       |    71   (3)| 00:00:01 |
--------------------------------------------------------------------------------------------------

Predicate Information (identified by operation id):
---------------------------------------------------

2 - access(""TIME_BY_DAY"".""TIME_ID""=""ITEM_1"")
6 - access(""PRODUCT"".""PRODUCT_ID""=""FT"".""PRODUCT_ID"")
","with sales explain unit_sales by product_category, the_date against store_cost, store_sales using CrossCorrelation, Multireg, Polyfit",133,672000.0,400.0,614.0,10278.0,938,42
16949,ed8ef9ce-83bf-438b-b96c-f4b6a2575989,"Plan hash value: 1148224997

-----------------------------------------------------------------------------------------------
| Id  | Operation           | Name            | Rows  | Bytes |TempSpc| Cost (%CPU)| Time     |
-----------------------------------------------------------------------------------------------
|   0 | SELECT STATEMENT    |                 | 86835 |  2883K|       |   873   (2)| 00:00:11 |
|   1 |  SORT GROUP BY      |                 | 86835 |  2883K|  4096K|   873   (2)| 00:00:11 |
|*  2 |   HASH JOIN         |                 | 86835 |  2883K|       |    76   (6)| 00:00:01 |
|   3 |    TABLE ACCESS FULL| TIME_BY_DAY     |   730 |  8760 |       |     3   (0)| 00:00:01 |
|   4 |    TABLE ACCESS FULL| SALES_FACT_1997 | 86835 |  1865K|       |    71   (3)| 00:00:01 |
-----------------------------------------------------------------------------------------------

Predicate Information (identified by operation id):
---------------------------------------------------

2 - access(""TIME_BY_DAY"".""TIME_ID""=""FT"".""TIME_ID"")
","with sales explain unit_sales by customer_id, the_month against store_cost, store_sales using CrossCorrelation, Multireg, Polyfit",129,2883000.0,395.0,873.0,86835.0,939,71
18492,3095c9dc-033e-4f0d-98c7-a4ff36d75219,"Plan hash value: 1148224997

-----------------------------------------------------------------------------------------------
| Id  | Operation           | Name            | Rows  | Bytes |TempSpc| Cost (%CPU)| Time     |
-----------------------------------------------------------------------------------------------
|   0 | SELECT STATEMENT    |                 | 26458 |   852K|       |   508   (3)| 00:00:07 |
|   1 |  SORT GROUP BY      |                 | 26458 |   852K|  4096K|   508   (3)| 00:00:07 |
|*  2 |   HASH JOIN         |                 | 86835 |  2798K|       |    76   (6)| 00:00:01 |
|   3 |    TABLE ACCESS FULL| TIME_BY_DAY     |   730 |  8760 |       |     3   (0)| 00:00:01 |
|   4 |    TABLE ACCESS FULL| SALES_FACT_1997 | 86835 |  1780K|       |    71   (3)| 00:00:01 |
-----------------------------------------------------------------------------------------------

Predicate Information (identified by operation id):
---------------------------------------------------

2 - access(""TIME_BY_DAY"".""TIME_ID""=""FT"".""TIME_ID"")
","with sales explain unit_sales by product_id, the_month against store_cost, store_sales using CrossCorrelation, Multireg, Polyfit",128,852000.0,385.0,508.0,26458.0,908,67
20525,bc6c5bdb-88a0-4ae7-9876-0ce9ea7f6eaa,"Plan hash value: 1148224997

-----------------------------------------------------------------------------------------------
| Id  | Operation           | Name            | Rows  | Bytes |TempSpc| Cost (%CPU)| Time     |
-----------------------------------------------------------------------------------------------
|   0 | SELECT STATEMENT    |                 | 86835 |  2883K|       |   873   (2)| 00:00:11 |
|   1 |  SORT GROUP BY      |                 | 86835 |  2883K|  4096K|   873   (2)| 00:00:11 |
|*  2 |   HASH JOIN         |                 | 86835 |  2883K|       |    76   (6)| 00:00:01 |
|   3 |    TABLE ACCESS FULL| TIME_BY_DAY     |   730 |  8760 |       |     3   (0)| 00:00:01 |
|   4 |    TABLE ACCESS FULL| SALES_FACT_1997 | 86835 |  1865K|       |    71   (3)| 00:00:01 |
-----------------------------------------------------------------------------------------------

Predicate Information (identified by operation id):
---------------------------------------------------

2 - access(""TIME_BY_DAY"".""TIME_ID""=""FT"".""TIME_ID"")
","with sales explain unit_sales by customer_id, the_date against store_cost, store_sales using CrossCorrelation, Multireg, Polyfit",128,2883000.0,392.0,873.0,86835.0,943,70
77832,a4256faa-c0a2-4d0a-b3f7-ebe6e5ab3ff8,"Plan hash value: 1148224997

-----------------------------------------------------------------------------------------------
| Id  | Operation           | Name            | Rows  | Bytes |TempSpc| Cost (%CPU)| Time     |
-----------------------------------------------------------------------------------------------
|   0 | SELECT STATEMENT    |                 | 86835 |  2798K|       |   855   (2)| 00:00:11 |
|   1 |  SORT GROUP BY      |                 | 86835 |  2798K|  4096K|   855   (2)| 00:00:11 |
|*  2 |   HASH JOIN         |                 | 86835 |  2798K|       |    76   (6)| 00:00:01 |
|   3 |    TABLE ACCESS FULL| TIME_BY_DAY     |   730 |  8760 |       |     3   (0)| 00:00:01 |
|   4 |    TABLE ACCESS FULL| SALES_FACT_1997 | 86835 |  1780K|       |    71   (3)| 00:00:01 |
-----------------------------------------------------------------------------------------------

Predicate Information (identified by operation id):
---------------------------------------------------

2 - access(""TIME_BY_DAY"".""TIME_ID""=""FT"".""TIME_ID"")
","with sales explain unit_sales by product_id, the_date against store_cost, store_sales using CrossCorrelation, Multireg, Polyfit",127,2798000.0,382.0,855.0,86835.0,1023,80
86832,363f3a03-e8aa-4c02-b21a-99ee7a78e7c2,"Plan hash value: 1148224997

-----------------------------------------------------------------------------------------------
| Id  | Operation           | Name            | Rows  | Bytes |TempSpc| Cost (%CPU)| Time     |
-----------------------------------------------------------------------------------------------
|   0 | SELECT STATEMENT    |                 | 86835 |  3222K|       |   939   (2)| 00:00:12 |
|   1 |  SORT GROUP BY      |                 | 86835 |  3222K|  4800K|   939   (2)| 00:00:12 |
|*  2 |   HASH JOIN         |                 | 86835 |  3222K|       |    76   (6)| 00:00:01 |
|   3 |    TABLE ACCESS FULL| TIME_BY_DAY     |   730 |  8760 |       |     3   (0)| 00:00:01 |
|   4 |    TABLE ACCESS FULL| SALES_FACT_1997 | 86835 |  2204K|       |    71   (3)| 00:00:01 |
-----------------------------------------------------------------------------------------------

Predicate Information (identified by operation id):
---------------------------------------------------

2 - access(""TIME_BY_DAY"".""TIME_ID""=""FT"".""TIME_ID"")
","with sales explain unit_sales by customer_id, product_id, the_date against store_cost, store_sales using CrossCorrelation, Multireg, Polyfit",140,3222000.0,509.0,939.0,86835.0,1058,94
12,c3367667-ded1-43dd-8e3e-95ddc0a0dc00,"Plan hash value: 1148224997

---------------------------------------------------------------------------------------
| Id  | Operation           | Name            | Rows  | Bytes | Cost (%CPU)| Time     |
---------------------------------------------------------------------------------------
|   0 | SELECT STATEMENT    |                 |    24 |   696 |    82  (13)| 00:00:01 |
|   1 |  SORT GROUP BY      |                 |    24 |   696 |    82  (13)| 00:00:01 |
|*  2 |   HASH JOIN         |                 | 86835 |  2459K|    76   (6)| 00:00:01 |
|   3 |    TABLE ACCESS FULL| TIME_BY_DAY     |   730 |  8760 |     3   (0)| 00:00:01 |
|   4 |    TABLE ACCESS FULL| SALES_FACT_1997 | 86835 |  1441K|    71   (3)| 00:00:01 |
---------------------------------------------------------------------------------------

Predicate Information (identified by operation id):
---------------------------------------------------

2 - access(""TIME_BY_DAY"".""TIME_ID""=""FT"".""TIME_ID"")
","with sales explain unit_sales by the_month against store_cost, store_sales using CrossCorrelation, Multireg, Polyfit",116,696.0,268.0,82.0,24.0,889,31
36,4f7cef8e-607a-4fdc-ba6d-e4d31617f034,"Plan hash value: 165028050

----------------------------------------------------------------------------------------
| Id  | Operation            | Name            | Rows  | Bytes | Cost (%CPU)| Time     |
----------------------------------------------------------------------------------------
|   0 | SELECT STATEMENT     |                 |    51 |  2244 |    88  (14)| 00:00:02 |
|   1 |  SORT GROUP BY       |                 |    51 |  2244 |    88  (14)| 00:00:02 |
|*  2 |   HASH JOIN          |                 | 86835 |  3731K|    81   (7)| 00:00:01 |
|   3 |    TABLE ACCESS FULL | PRODUCT         |  1560 | 17160 |     4   (0)| 00:00:01 |
|*  4 |    HASH JOIN         |                 | 86835 |  2798K|    76   (6)| 00:00:01 |
|   5 |     TABLE ACCESS FULL| TIME_BY_DAY     |   730 |  8760 |     3   (0)| 00:00:01 |
|   6 |     TABLE ACCESS FULL| SALES_FACT_1997 | 86835 |  1780K|    71   (3)| 00:00:01 |
----------------------------------------------------------------------------------------

Predicate Information (identified by operation id):
---------------------------------------------------

2 - access(""PRODUCT"".""PRODUCT_ID""=""FT"".""PRODUCT_ID"")
4 - access(""TIME_BY_DAY"".""TIME_ID""=""FT"".""TIME_ID"")
","with sales explain unit_sales by product_family, the_month against store_cost, store_sales using CrossCorrelation, Multireg, Polyfit",132,2244.0,397.0,88.0,51.0,883,38
323,f37f6726-fb51-40b0-b85c-a2adbf5db766,"Plan hash value: 1148224997

---------------------------------------------------------------------------------------
| Id  | Operation           | Name            | Rows  | Bytes | Cost (%CPU)| Time     |
---------------------------------------------------------------------------------------
|   0 | SELECT STATEMENT    |                 |   730 | 21170 |    82  (13)| 00:00:01 |
|   1 |  SORT GROUP BY      |                 |   730 | 21170 |    82  (13)| 00:00:01 |
|*  2 |   HASH JOIN         |                 | 86835 |  2459K|    76   (6)| 00:00:01 |
|   3 |    TABLE ACCESS FULL| TIME_BY_DAY     |   730 |  8760 |     3   (0)| 00:00:01 |
|   4 |    TABLE ACCESS FULL| SALES_FACT_1997 | 86835 |  1441K|    71   (3)| 00:00:01 |
---------------------------------------------------------------------------------------

Predicate Information (identified by operation id):
---------------------------------------------------

2 - access(""TIME_BY_DAY"".""TIME_ID""=""FT"".""TIME_ID"")
","with sales explain unit_sales by the_date against store_cost, store_sales using CrossCorrelation, Multireg, Polyfit",115,21170.0,265.0,82.0,730.0,899,35
540,a9712745-ffed-423f-b21a-7e171fb0e900,"Plan hash value: 165028050

----------------------------------------------------------------------------------------
| Id  | Operation            | Name            | Rows  | Bytes | Cost (%CPU)| Time     |
----------------------------------------------------------------------------------------
|   0 | SELECT STATEMENT     |                 |   764 | 37436 |    88  (14)| 00:00:02 |
|   1 |  SORT GROUP BY       |                 |   764 | 37436 |    88  (14)| 00:00:02 |
|*  2 |   HASH JOIN          |                 | 86835 |  4155K|    81   (7)| 00:00:01 |
|   3 |    TABLE ACCESS FULL | PRODUCT         |  1560 | 24960 |     4   (0)| 00:00:01 |
|*  4 |    HASH JOIN         |                 | 86835 |  2798K|    76   (6)| 00:00:01 |
|   5 |     TABLE ACCESS FULL| TIME_BY_DAY     |   730 |  8760 |     3   (0)| 00:00:01 |
|   6 |     TABLE ACCESS FULL| SALES_FACT_1997 | 86835 |  1780K|    71   (3)| 00:00:01 |
----------------------------------------------------------------------------------------

Predicate Information (identified by operation id):
---------------------------------------------------

2 - access(""PRODUCT"".""PRODUCT_ID""=""FT"".""PRODUCT_ID"")
4 - access(""TIME_BY_DAY"".""TIME_ID""=""FT"".""TIME_ID"")
","with sales explain unit_sales by product_category, the_month against store_cost, store_sales using CrossCorrelation, Multireg, Polyfit",134,37436.0,403.0,88.0,764.0,888,53
1224,3072293d-9b70-4840-9e04-f3045fc2335c,"Plan hash value: 165028050

----------------------------------------------------------------------------------------
| Id  | Operation            | Name            | Rows  | Bytes | Cost (%CPU)| Time     |
----------------------------------------------------------------------------------------
|   0 | SELECT STATEMENT     |                 |  1731 | 83088 |    88  (14)| 00:00:02 |
|   1 |  SORT GROUP BY       |                 |  1731 | 83088 |    88  (14)| 00:00:02 |
|*  2 |   HASH JOIN          |                 | 86835 |  4070K|    81   (7)| 00:00:01 |
|   3 |    TABLE ACCESS FULL | PRODUCT         |  1560 | 23400 |     4   (0)| 00:00:01 |
|*  4 |    HASH JOIN         |                 | 86835 |  2798K|    76   (6)| 00:00:01 |
|   5 |     TABLE ACCESS FULL| TIME_BY_DAY     |   730 |  8760 |     3   (0)| 00:00:01 |
|   6 |     TABLE ACCESS FULL| SALES_FACT_1997 | 86835 |  1780K|    71   (3)| 00:00:01 |
----------------------------------------------------------------------------------------

Predicate Information (identified by operation id):
---------------------------------------------------

2 - access(""PRODUCT"".""PRODUCT_ID""=""FT"".""PRODUCT_ID"")
4 - access(""TIME_BY_DAY"".""TIME_ID""=""FT"".""TIME_ID"")
","with sales explain unit_sales by product_subcategory, the_month against store_cost, store_sales using CrossCorrelation, Multireg, Polyfit",137,83088.0,412.0,88.0,1731.0,891,53
12113,e432e316-f292-4f59-81fc-10d6f966ee50,"Plan hash value: 251198219

--------------------------------------------------------------------------------------------------
| Id  | Operation              | Name            | Rows  | Bytes |TempSpc| Cost (%CPU)| Time     |
--------------------------------------------------------------------------------------------------
|   0 | SELECT STATEMENT       |                 | 10278 |   672K|       |   614   (3)| 00:00:08 |
|   1 |  SORT GROUP BY         |                 | 10278 |   672K|   856K|   614   (3)| 00:00:08 |
|*  2 |   HASH JOIN            |                 | 10278 |   672K|       |   449   (3)| 00:00:06 |
|   3 |    TABLE ACCESS FULL   | TIME_BY_DAY     |   730 |  8760 |       |     3   (0)| 00:00:01 |
|   4 |    VIEW                | VW_GBC_9        | 10278 |   552K|       |   445   (3)| 00:00:06 |
|   5 |     HASH GROUP BY      |                 | 10278 |   371K|  4440K|   445   (3)| 00:00:06 |
|*  6 |      HASH JOIN         |                 | 86835 |  3137K|       |    77   (6)| 00:00:01 |
|   7 |       TABLE ACCESS FULL| PRODUCT         |  1560 | 24960 |       |     4   (0)| 00:00:01 |
|   8 |       TABLE ACCESS FULL| SALES_FACT_1997 | 86835 |  1780K|       |    71   (3)| 00:00:01 |
--------------------------------------------------------------------------------------------------

Predicate Information (identified by operation id):
---------------------------------------------------

2 - access(""TIME_BY_DAY"".""TIME_ID""=""ITEM_1"")
6 - access(""PRODUCT"".""PRODUCT_ID""=""FT"".""PRODUCT_ID"")
","with sales explain unit_sales by product_category, the_date against store_cost, store_sales using CrossCorrelation, Multireg, Polyfit",133,672000.0,400.0,614.0,10278.0,922,54
16949,4458649a-0348-448c-883c-b70e8510b09c,"Plan hash value: 1148224997

-----------------------------------------------------------------------------------------------
| Id  | Operation           | Name            | Rows  | Bytes |TempSpc| Cost (%CPU)| Time     |
-----------------------------------------------------------------------------------------------
|   0 | SELECT STATEMENT    |                 | 86835 |  2883K|       |   873   (2)| 00:00:11 |
|   1 |  SORT GROUP BY      |                 | 86835 |  2883K|  4096K|   873   (2)| 00:00:11 |
|*  2 |   HASH JOIN         |                 | 86835 |  2883K|       |    76   (6)| 00:00:01 |
|   3 |    TABLE ACCESS FULL| TIME_BY_DAY     |   730 |  8760 |       |     3   (0)| 00:00:01 |
|   4 |    TABLE ACCESS FULL| SALES_FACT_1997 | 86835 |  1865K|       |    71   (3)| 00:00:01 |
-----------------------------------------------------------------------------------------------

Predicate Information (identified by operation id):
---------------------------------------------------

2 - access(""TIME_BY_DAY"".""TIME_ID""=""FT"".""TIME_ID"")
","with sales explain unit_sales by customer_id, the_month against store_cost, store_sales using CrossCorrelation, Multireg, Polyfit",129,2883000.0,395.0,873.0,86835.0,930,71
18492,ef335dfc-5045-4ae7-ac81-9520ddc437e6,"Plan hash value: 1148224997

-----------------------------------------------------------------------------------------------
| Id  | Operation           | Name            | Rows  | Bytes |TempSpc| Cost (%CPU)| Time     |
-----------------------------------------------------------------------------------------------
|   0 | SELECT STATEMENT    |                 | 26458 |   852K|       |   508   (3)| 00:00:07 |
|   1 |  SORT GROUP BY      |                 | 26458 |   852K|  4096K|   508   (3)| 00:00:07 |
|*  2 |   HASH JOIN         |                 | 86835 |  2798K|       |    76   (6)| 00:00:01 |
|   3 |    TABLE ACCESS FULL| TIME_BY_DAY     |   730 |  8760 |       |     3   (0)| 00:00:01 |
|   4 |    TABLE ACCESS FULL| SALES_FACT_1997 | 86835 |  1780K|       |    71   (3)| 00:00:01 |
-----------------------------------------------------------------------------------------------

Predicate Information (identified by operation id):
---------------------------------------------------

2 - access(""TIME_BY_DAY"".""TIME_ID""=""FT"".""TIME_ID"")
","with sales explain unit_sales by product_id, the_month against store_cost, store_sales using CrossCorrelation, Multireg, Polyfit",128,852000.0,385.0,508.0,26458.0,941,62
20525,a26c6648-ba49-4cb8-a6bc-839cbfa95913,"Plan hash value: 1148224997

-----------------------------------------------------------------------------------------------
| Id  | Operation           | Name            | Rows  | Bytes |TempSpc| Cost (%CPU)| Time     |
-----------------------------------------------------------------------------------------------
|   0 | SELECT STATEMENT    |                 | 86835 |  2883K|       |   873   (2)| 00:00:11 |
|   1 |  SORT GROUP BY      |                 | 86835 |  2883K|  4096K|   873   (2)| 00:00:11 |
|*  2 |   HASH JOIN         |                 | 86835 |  2883K|       |    76   (6)| 00:00:01 |
|   3 |    TABLE ACCESS FULL| TIME_BY_DAY     |   730 |  8760 |       |     3   (0)| 00:00:01 |
|   4 |    TABLE ACCESS FULL| SALES_FACT_1997 | 86835 |  1865K|       |    71   (3)| 00:00:01 |
-----------------------------------------------------------------------------------------------

Predicate Information (identified by operation id):
---------------------------------------------------

2 - access(""TIME_BY_DAY"".""TIME_ID""=""FT"".""TIME_ID"")
","with sales explain unit_sales by customer_id, the_date against store_cost, store_sales using CrossCorrelation, Multireg, Polyfit",128,2883000.0,392.0,873.0,86835.0,941,66
77832,0966a935-aea9-4b11-a148-4f9d7a6d27ef,"Plan hash value: 1148224997

-----------------------------------------------------------------------------------------------
| Id  | Operation           | Name            | Rows  | Bytes |TempSpc| Cost (%CPU)| Time     |
-----------------------------------------------------------------------------------------------
|   0 | SELECT STATEMENT    |                 | 86835 |  2798K|       |   855   (2)| 00:00:11 |
|   1 |  SORT GROUP BY      |                 | 86835 |  2798K|  4096K|   855   (2)| 00:00:11 |
|*  2 |   HASH JOIN         |                 | 86835 |  2798K|       |    76   (6)| 00:00:01 |
|   3 |    TABLE ACCESS FULL| TIME_BY_DAY     |   730 |  8760 |       |     3   (0)| 00:00:01 |
|   4 |    TABLE ACCESS FULL| SALES_FACT_1997 | 86835 |  1780K|       |    71   (3)| 00:00:01 |
-----------------------------------------------------------------------------------------------

Predicate Information (identified by operation id):
---------------------------------------------------

2 - access(""TIME_BY_DAY"".""TIME_ID""=""FT"".""TIME_ID"")
","with sales explain unit_sales by product_id, the_date against store_cost, store_sales using CrossCorrelation, Multireg, Polyfit",127,2798000.0,382.0,855.0,86835.0,1033,76
86832,62df74f3-c10f-4999-8370-b42159e6835f,"Plan hash value: 1148224997

-----------------------------------------------------------------------------------------------
| Id  | Operation           | Name            | Rows  | Bytes |TempSpc| Cost (%CPU)| Time     |
-----------------------------------------------------------------------------------------------
|   0 | SELECT STATEMENT    |                 | 86835 |  3222K|       |   939   (2)| 00:00:12 |
|   1 |  SORT GROUP BY      |                 | 86835 |  3222K|  4800K|   939   (2)| 00:00:12 |
|*  2 |   HASH JOIN         |                 | 86835 |  3222K|       |    76   (6)| 00:00:01 |
|   3 |    TABLE ACCESS FULL| TIME_BY_DAY     |   730 |  8760 |       |     3   (0)| 00:00:01 |
|   4 |    TABLE ACCESS FULL| SALES_FACT_1997 | 86835 |  2204K|       |    71   (3)| 00:00:01 |
-----------------------------------------------------------------------------------------------

Predicate Information (identified by operation id):
---------------------------------------------------

2 - access(""TIME_BY_DAY"".""TIME_ID""=""FT"".""TIME_ID"")
","with sales explain unit_sales by customer_id, product_id, the_date against store_cost, store_sales using CrossCorrelation, Multireg, Polyfit",140,3222000.0,509.0,939.0,86835.0,1047,89
12,304f18de-d7e8-43e2-aa49-f321f9dd554e,"Plan hash value: 1148224997

---------------------------------------------------------------------------------------
| Id  | Operation           | Name            | Rows  | Bytes | Cost (%CPU)| Time     |
---------------------------------------------------------------------------------------
|   0 | SELECT STATEMENT    |                 |    24 |   696 |    82  (13)| 00:00:01 |
|   1 |  SORT GROUP BY      |                 |    24 |   696 |    82  (13)| 00:00:01 |
|*  2 |   HASH JOIN         |                 | 86835 |  2459K|    76   (6)| 00:00:01 |
|   3 |    TABLE ACCESS FULL| TIME_BY_DAY     |   730 |  8760 |     3   (0)| 00:00:01 |
|   4 |    TABLE ACCESS FULL| SALES_FACT_1997 | 86835 |  1441K|    71   (3)| 00:00:01 |
---------------------------------------------------------------------------------------

Predicate Information (identified by operation id):
---------------------------------------------------

2 - access(""TIME_BY_DAY"".""TIME_ID""=""FT"".""TIME_ID"")
","with sales explain unit_sales by the_month against store_cost, store_sales using CrossCorrelation, Multireg, Polyfit",116,696.0,268.0,82.0,24.0,886,27
36,a48f573d-dc2e-417f-9390-8f7ef92e76c1,"Plan hash value: 165028050

----------------------------------------------------------------------------------------
| Id  | Operation            | Name            | Rows  | Bytes | Cost (%CPU)| Time     |
----------------------------------------------------------------------------------------
|   0 | SELECT STATEMENT     |                 |    51 |  2244 |    88  (14)| 00:00:02 |
|   1 |  SORT GROUP BY       |                 |    51 |  2244 |    88  (14)| 00:00:02 |
|*  2 |   HASH JOIN          |                 | 86835 |  3731K|    81   (7)| 00:00:01 |
|   3 |    TABLE ACCESS FULL | PRODUCT         |  1560 | 17160 |     4   (0)| 00:00:01 |
|*  4 |    HASH JOIN         |                 | 86835 |  2798K|    76   (6)| 00:00:01 |
|   5 |     TABLE ACCESS FULL| TIME_BY_DAY     |   730 |  8760 |     3   (0)| 00:00:01 |
|   6 |     TABLE ACCESS FULL| SALES_FACT_1997 | 86835 |  1780K|    71   (3)| 00:00:01 |
----------------------------------------------------------------------------------------

Predicate Information (identified by operation id):
---------------------------------------------------

2 - access(""PRODUCT"".""PRODUCT_ID""=""FT"".""PRODUCT_ID"")
4 - access(""TIME_BY_DAY"".""TIME_ID""=""FT"".""TIME_ID"")
","with sales explain unit_sales by product_family, the_month against store_cost, store_sales using CrossCorrelation, Multireg, Polyfit",132,2244.0,397.0,88.0,51.0,868,44
323,9202b7b0-ecef-4801-b8ed-07efbf9e94a3,"Plan hash value: 1148224997

---------------------------------------------------------------------------------------
| Id  | Operation           | Name            | Rows  | Bytes | Cost (%CPU)| Time     |
---------------------------------------------------------------------------------------
|   0 | SELECT STATEMENT    |                 |   730 | 21170 |    82  (13)| 00:00:01 |
|   1 |  SORT GROUP BY      |                 |   730 | 21170 |    82  (13)| 00:00:01 |
|*  2 |   HASH JOIN         |                 | 86835 |  2459K|    76   (6)| 00:00:01 |
|   3 |    TABLE ACCESS FULL| TIME_BY_DAY     |   730 |  8760 |     3   (0)| 00:00:01 |
|   4 |    TABLE ACCESS FULL| SALES_FACT_1997 | 86835 |  1441K|    71   (3)| 00:00:01 |
---------------------------------------------------------------------------------------

Predicate Information (identified by operation id):
---------------------------------------------------

2 - access(""TIME_BY_DAY"".""TIME_ID""=""FT"".""TIME_ID"")
","with sales explain unit_sales by the_date against store_cost, store_sales using CrossCorrelation, Multireg, Polyfit",115,21170.0,265.0,82.0,730.0,917,33
540,e999ab4d-7f7e-4c15-ac06-48301a123252,"Plan hash value: 165028050

----------------------------------------------------------------------------------------
| Id  | Operation            | Name            | Rows  | Bytes | Cost (%CPU)| Time     |
----------------------------------------------------------------------------------------
|   0 | SELECT STATEMENT     |                 |   764 | 37436 |    88  (14)| 00:00:02 |
|   1 |  SORT GROUP BY       |                 |   764 | 37436 |    88  (14)| 00:00:02 |
|*  2 |   HASH JOIN          |                 | 86835 |  4155K|    81   (7)| 00:00:01 |
|   3 |    TABLE ACCESS FULL | PRODUCT         |  1560 | 24960 |     4   (0)| 00:00:01 |
|*  4 |    HASH JOIN         |                 | 86835 |  2798K|    76   (6)| 00:00:01 |
|   5 |     TABLE ACCESS FULL| TIME_BY_DAY     |   730 |  8760 |     3   (0)| 00:00:01 |
|   6 |     TABLE ACCESS FULL| SALES_FACT_1997 | 86835 |  1780K|    71   (3)| 00:00:01 |
----------------------------------------------------------------------------------------

Predicate Information (identified by operation id):
---------------------------------------------------

2 - access(""PRODUCT"".""PRODUCT_ID""=""FT"".""PRODUCT_ID"")
4 - access(""TIME_BY_DAY"".""TIME_ID""=""FT"".""TIME_ID"")
","with sales explain unit_sales by product_category, the_month against store_cost, store_sales using CrossCorrelation, Multireg, Polyfit",134,37436.0,403.0,88.0,764.0,907,54
1224,d6fedfa5-46d0-4033-a760-4031b3917541,"Plan hash value: 165028050

----------------------------------------------------------------------------------------
| Id  | Operation            | Name            | Rows  | Bytes | Cost (%CPU)| Time     |
----------------------------------------------------------------------------------------
|   0 | SELECT STATEMENT     |                 |  1731 | 83088 |    88  (14)| 00:00:02 |
|   1 |  SORT GROUP BY       |                 |  1731 | 83088 |    88  (14)| 00:00:02 |
|*  2 |   HASH JOIN          |                 | 86835 |  4070K|    81   (7)| 00:00:01 |
|   3 |    TABLE ACCESS FULL | PRODUCT         |  1560 | 23400 |     4   (0)| 00:00:01 |
|*  4 |    HASH JOIN         |                 | 86835 |  2798K|    76   (6)| 00:00:01 |
|   5 |     TABLE ACCESS FULL| TIME_BY_DAY     |   730 |  8760 |     3   (0)| 00:00:01 |
|   6 |     TABLE ACCESS FULL| SALES_FACT_1997 | 86835 |  1780K|    71   (3)| 00:00:01 |
----------------------------------------------------------------------------------------

Predicate Information (identified by operation id):
---------------------------------------------------

2 - access(""PRODUCT"".""PRODUCT_ID""=""FT"".""PRODUCT_ID"")
4 - access(""TIME_BY_DAY"".""TIME_ID""=""FT"".""TIME_ID"")
","with sales explain unit_sales by product_subcategory, the_month against store_cost, store_sales using CrossCorrelation, Multireg, Polyfit",137,83088.0,412.0,88.0,1731.0,889,53
12113,114f6566-a94c-42b3-ae2f-7df044c0b8ef,"Plan hash value: 251198219

--------------------------------------------------------------------------------------------------
| Id  | Operation              | Name            | Rows  | Bytes |TempSpc| Cost (%CPU)| Time     |
--------------------------------------------------------------------------------------------------
|   0 | SELECT STATEMENT       |                 | 10278 |   672K|       |   614   (3)| 00:00:08 |
|   1 |  SORT GROUP BY         |                 | 10278 |   672K|   856K|   614   (3)| 00:00:08 |
|*  2 |   HASH JOIN            |                 | 10278 |   672K|       |   449   (3)| 00:00:06 |
|   3 |    TABLE ACCESS FULL   | TIME_BY_DAY     |   730 |  8760 |       |     3   (0)| 00:00:01 |
|   4 |    VIEW                | VW_GBC_9        | 10278 |   552K|       |   445   (3)| 00:00:06 |
|   5 |     HASH GROUP BY      |                 | 10278 |   371K|  4440K|   445   (3)| 00:00:06 |
|*  6 |      HASH JOIN         |                 | 86835 |  3137K|       |    77   (6)| 00:00:01 |
|   7 |       TABLE ACCESS FULL| PRODUCT         |  1560 | 24960 |       |     4   (0)| 00:00:01 |
|   8 |       TABLE ACCESS FULL| SALES_FACT_1997 | 86835 |  1780K|       |    71   (3)| 00:00:01 |
--------------------------------------------------------------------------------------------------

Predicate Information (identified by operation id):
---------------------------------------------------

2 - access(""TIME_BY_DAY"".""TIME_ID""=""ITEM_1"")
6 - access(""PRODUCT"".""PRODUCT_ID""=""FT"".""PRODUCT_ID"")
","with sales explain unit_sales by product_category, the_date against store_cost, store_sales using CrossCorrelation, Multireg, Polyfit",133,672000.0,400.0,614.0,10278.0,937,47
16949,879dad82-745e-4d64-a2fd-4a06275a4b0f,"Plan hash value: 1148224997

-----------------------------------------------------------------------------------------------
| Id  | Operation           | Name            | Rows  | Bytes |TempSpc| Cost (%CPU)| Time     |
-----------------------------------------------------------------------------------------------
|   0 | SELECT STATEMENT    |                 | 86835 |  2883K|       |   873   (2)| 00:00:11 |
|   1 |  SORT GROUP BY      |                 | 86835 |  2883K|  4096K|   873   (2)| 00:00:11 |
|*  2 |   HASH JOIN         |                 | 86835 |  2883K|       |    76   (6)| 00:00:01 |
|   3 |    TABLE ACCESS FULL| TIME_BY_DAY     |   730 |  8760 |       |     3   (0)| 00:00:01 |
|   4 |    TABLE ACCESS FULL| SALES_FACT_1997 | 86835 |  1865K|       |    71   (3)| 00:00:01 |
-----------------------------------------------------------------------------------------------

Predicate Information (identified by operation id):
---------------------------------------------------

2 - access(""TIME_BY_DAY"".""TIME_ID""=""FT"".""TIME_ID"")
","with sales explain unit_sales by customer_id, the_month against store_cost, store_sales using CrossCorrelation, Multireg, Polyfit",129,2883000.0,395.0,873.0,86835.0,914,75
18492,9bbd6cc5-7378-4112-a997-68768d7a8e75,"Plan hash value: 1148224997

-----------------------------------------------------------------------------------------------
| Id  | Operation           | Name            | Rows  | Bytes |TempSpc| Cost (%CPU)| Time     |
-----------------------------------------------------------------------------------------------
|   0 | SELECT STATEMENT    |                 | 26458 |   852K|       |   508   (3)| 00:00:07 |
|   1 |  SORT GROUP BY      |                 | 26458 |   852K|  4096K|   508   (3)| 00:00:07 |
|*  2 |   HASH JOIN         |                 | 86835 |  2798K|       |    76   (6)| 00:00:01 |
|   3 |    TABLE ACCESS FULL| TIME_BY_DAY     |   730 |  8760 |       |     3   (0)| 00:00:01 |
|   4 |    TABLE ACCESS FULL| SALES_FACT_1997 | 86835 |  1780K|       |    71   (3)| 00:00:01 |
-----------------------------------------------------------------------------------------------

Predicate Information (identified by operation id):
---------------------------------------------------

2 - access(""TIME_BY_DAY"".""TIME_ID""=""FT"".""TIME_ID"")
","with sales explain unit_sales by product_id, the_month against store_cost, store_sales using CrossCorrelation, Multireg, Polyfit",128,852000.0,385.0,508.0,26458.0,940,67
20525,b1875c08-cdca-4cf5-956a-b1eef45b2916,"Plan hash value: 1148224997

-----------------------------------------------------------------------------------------------
| Id  | Operation           | Name            | Rows  | Bytes |TempSpc| Cost (%CPU)| Time     |
-----------------------------------------------------------------------------------------------
|   0 | SELECT STATEMENT    |                 | 86835 |  2883K|       |   873   (2)| 00:00:11 |
|   1 |  SORT GROUP BY      |                 | 86835 |  2883K|  4096K|   873   (2)| 00:00:11 |
|*  2 |   HASH JOIN         |                 | 86835 |  2883K|       |    76   (6)| 00:00:01 |
|   3 |    TABLE ACCESS FULL| TIME_BY_DAY     |   730 |  8760 |       |     3   (0)| 00:00:01 |
|   4 |    TABLE ACCESS FULL| SALES_FACT_1997 | 86835 |  1865K|       |    71   (3)| 00:00:01 |
-----------------------------------------------------------------------------------------------

Predicate Information (identified by operation id):
---------------------------------------------------

2 - access(""TIME_BY_DAY"".""TIME_ID""=""FT"".""TIME_ID"")
","with sales explain unit_sales by customer_id, the_date against store_cost, store_sales using CrossCorrelation, Multireg, Polyfit",128,2883000.0,392.0,873.0,86835.0,937,70
77832,86cf50f9-d17a-4656-9c4e-ec7c3d73ae7c,"Plan hash value: 1148224997

-----------------------------------------------------------------------------------------------
| Id  | Operation           | Name            | Rows  | Bytes |TempSpc| Cost (%CPU)| Time     |
-----------------------------------------------------------------------------------------------
|   0 | SELECT STATEMENT    |                 | 86835 |  2798K|       |   855   (2)| 00:00:11 |
|   1 |  SORT GROUP BY      |                 | 86835 |  2798K|  4096K|   855   (2)| 00:00:11 |
|*  2 |   HASH JOIN         |                 | 86835 |  2798K|       |    76   (6)| 00:00:01 |
|   3 |    TABLE ACCESS FULL| TIME_BY_DAY     |   730 |  8760 |       |     3   (0)| 00:00:01 |
|   4 |    TABLE ACCESS FULL| SALES_FACT_1997 | 86835 |  1780K|       |    71   (3)| 00:00:01 |
-----------------------------------------------------------------------------------------------

Predicate Information (identified by operation id):
---------------------------------------------------

2 - access(""TIME_BY_DAY"".""TIME_ID""=""FT"".""TIME_ID"")
","with sales explain unit_sales by product_id, the_date against store_cost, store_sales using CrossCorrelation, Multireg, Polyfit",127,2798000.0,382.0,855.0,86835.0,1027,71
86832,3b5dc7a2-f804-4126-bf28-c4b7deb90add,"Plan hash value: 1148224997

-----------------------------------------------------------------------------------------------
| Id  | Operation           | Name            | Rows  | Bytes |TempSpc| Cost (%CPU)| Time     |
-----------------------------------------------------------------------------------------------
|   0 | SELECT STATEMENT    |                 | 86835 |  3222K|       |   939   (2)| 00:00:12 |
|   1 |  SORT GROUP BY      |                 | 86835 |  3222K|  4800K|   939   (2)| 00:00:12 |
|*  2 |   HASH JOIN         |                 | 86835 |  3222K|       |    76   (6)| 00:00:01 |
|   3 |    TABLE ACCESS FULL| TIME_BY_DAY     |   730 |  8760 |       |     3   (0)| 00:00:01 |
|   4 |    TABLE ACCESS FULL| SALES_FACT_1997 | 86835 |  2204K|       |    71   (3)| 00:00:01 |
-----------------------------------------------------------------------------------------------

Predicate Information (identified by operation id):
---------------------------------------------------

2 - access(""TIME_BY_DAY"".""TIME_ID""=""FT"".""TIME_ID"")
","with sales explain unit_sales by customer_id, product_id, the_date against store_cost, store_sales using CrossCorrelation, Multireg, Polyfit",140,3222000.0,509.0,939.0,86835.0,1056,93
12,00d7664c-183e-47bc-a4ff-1eab58c97a12,"Plan hash value: 1148224997

---------------------------------------------------------------------------------------
| Id  | Operation           | Name            | Rows  | Bytes | Cost (%CPU)| Time     |
---------------------------------------------------------------------------------------
|   0 | SELECT STATEMENT    |                 |    24 |   696 |    82  (13)| 00:00:01 |
|   1 |  SORT GROUP BY      |                 |    24 |   696 |    82  (13)| 00:00:01 |
|*  2 |   HASH JOIN         |                 | 86835 |  2459K|    76   (6)| 00:00:01 |
|   3 |    TABLE ACCESS FULL| TIME_BY_DAY     |   730 |  8760 |     3   (0)| 00:00:01 |
|   4 |    TABLE ACCESS FULL| SALES_FACT_1997 | 86835 |  1441K|    71   (3)| 00:00:01 |
---------------------------------------------------------------------------------------

Predicate Information (identified by operation id):
---------------------------------------------------

2 - access(""TIME_BY_DAY"".""TIME_ID""=""FT"".""TIME_ID"")
","with sales explain unit_sales by the_month against store_cost, store_sales using CrossCorrelation, Multireg, Polyfit",116,696.0,268.0,82.0,24.0,892,31
36,3970bc25-7b56-43f0-b61a-607fb7c586e6,"Plan hash value: 165028050

----------------------------------------------------------------------------------------
| Id  | Operation            | Name            | Rows  | Bytes | Cost (%CPU)| Time     |
----------------------------------------------------------------------------------------
|   0 | SELECT STATEMENT     |                 |    51 |  2244 |    88  (14)| 00:00:02 |
|   1 |  SORT GROUP BY       |                 |    51 |  2244 |    88  (14)| 00:00:02 |
|*  2 |   HASH JOIN          |                 | 86835 |  3731K|    81   (7)| 00:00:01 |
|   3 |    TABLE ACCESS FULL | PRODUCT         |  1560 | 17160 |     4   (0)| 00:00:01 |
|*  4 |    HASH JOIN         |                 | 86835 |  2798K|    76   (6)| 00:00:01 |
|   5 |     TABLE ACCESS FULL| TIME_BY_DAY     |   730 |  8760 |     3   (0)| 00:00:01 |
|   6 |     TABLE ACCESS FULL| SALES_FACT_1997 | 86835 |  1780K|    71   (3)| 00:00:01 |
----------------------------------------------------------------------------------------

Predicate Information (identified by operation id):
---------------------------------------------------

2 - access(""PRODUCT"".""PRODUCT_ID""=""FT"".""PRODUCT_ID"")
4 - access(""TIME_BY_DAY"".""TIME_ID""=""FT"".""TIME_ID"")
","with sales explain unit_sales by product_family, the_month against store_cost, store_sales using CrossCorrelation, Multireg, Polyfit",132,2244.0,397.0,88.0,51.0,885,42
323,f047a602-db0b-4758-a07f-95a29c0ddad3,"Plan hash value: 1148224997

---------------------------------------------------------------------------------------
| Id  | Operation           | Name            | Rows  | Bytes | Cost (%CPU)| Time     |
---------------------------------------------------------------------------------------
|   0 | SELECT STATEMENT    |                 |   730 | 21170 |    82  (13)| 00:00:01 |
|   1 |  SORT GROUP BY      |                 |   730 | 21170 |    82  (13)| 00:00:01 |
|*  2 |   HASH JOIN         |                 | 86835 |  2459K|    76   (6)| 00:00:01 |
|   3 |    TABLE ACCESS FULL| TIME_BY_DAY     |   730 |  8760 |     3   (0)| 00:00:01 |
|   4 |    TABLE ACCESS FULL| SALES_FACT_1997 | 86835 |  1441K|    71   (3)| 00:00:01 |
---------------------------------------------------------------------------------------

Predicate Information (identified by operation id):
---------------------------------------------------

2 - access(""TIME_BY_DAY"".""TIME_ID""=""FT"".""TIME_ID"")
","with sales explain unit_sales by the_date against store_cost, store_sales using CrossCorrelation, Multireg, Polyfit",115,21170.0,265.0,82.0,730.0,897,39
540,4a923fce-7ae6-4cb8-a2b4-db0ad3801f47,"Plan hash value: 165028050

----------------------------------------------------------------------------------------
| Id  | Operation            | Name            | Rows  | Bytes | Cost (%CPU)| Time     |
----------------------------------------------------------------------------------------
|   0 | SELECT STATEMENT     |                 |   764 | 37436 |    88  (14)| 00:00:02 |
|   1 |  SORT GROUP BY       |                 |   764 | 37436 |    88  (14)| 00:00:02 |
|*  2 |   HASH JOIN          |                 | 86835 |  4155K|    81   (7)| 00:00:01 |
|   3 |    TABLE ACCESS FULL | PRODUCT         |  1560 | 24960 |     4   (0)| 00:00:01 |
|*  4 |    HASH JOIN         |                 | 86835 |  2798K|    76   (6)| 00:00:01 |
|   5 |     TABLE ACCESS FULL| TIME_BY_DAY     |   730 |  8760 |     3   (0)| 00:00:01 |
|   6 |     TABLE ACCESS FULL| SALES_FACT_1997 | 86835 |  1780K|    71   (3)| 00:00:01 |
----------------------------------------------------------------------------------------

Predicate Information (identified by operation id):
---------------------------------------------------

2 - access(""PRODUCT"".""PRODUCT_ID""=""FT"".""PRODUCT_ID"")
4 - access(""TIME_BY_DAY"".""TIME_ID""=""FT"".""TIME_ID"")
","with sales explain unit_sales by product_category, the_month against store_cost, store_sales using CrossCorrelation, Multireg, Polyfit",134,37436.0,403.0,88.0,764.0,898,53
1224,5b12b49d-3e74-4662-9c49-7c77f7cbc116,"Plan hash value: 165028050

----------------------------------------------------------------------------------------
| Id  | Operation            | Name            | Rows  | Bytes | Cost (%CPU)| Time     |
----------------------------------------------------------------------------------------
|   0 | SELECT STATEMENT     |                 |  1731 | 83088 |    88  (14)| 00:00:02 |
|   1 |  SORT GROUP BY       |                 |  1731 | 83088 |    88  (14)| 00:00:02 |
|*  2 |   HASH JOIN          |                 | 86835 |  4070K|    81   (7)| 00:00:01 |
|   3 |    TABLE ACCESS FULL | PRODUCT         |  1560 | 23400 |     4   (0)| 00:00:01 |
|*  4 |    HASH JOIN         |                 | 86835 |  2798K|    76   (6)| 00:00:01 |
|   5 |     TABLE ACCESS FULL| TIME_BY_DAY     |   730 |  8760 |     3   (0)| 00:00:01 |
|   6 |     TABLE ACCESS FULL| SALES_FACT_1997 | 86835 |  1780K|    71   (3)| 00:00:01 |
----------------------------------------------------------------------------------------

Predicate Information (identified by operation id):
---------------------------------------------------

2 - access(""PRODUCT"".""PRODUCT_ID""=""FT"".""PRODUCT_ID"")
4 - access(""TIME_BY_DAY"".""TIME_ID""=""FT"".""TIME_ID"")
","with sales explain unit_sales by product_subcategory, the_month against store_cost, store_sales using CrossCorrelation, Multireg, Polyfit",137,83088.0,412.0,88.0,1731.0,876,53
12113,494229e7-5998-4a6b-86f3-edbd82386ec9,"Plan hash value: 251198219

--------------------------------------------------------------------------------------------------
| Id  | Operation              | Name            | Rows  | Bytes |TempSpc| Cost (%CPU)| Time     |
--------------------------------------------------------------------------------------------------
|   0 | SELECT STATEMENT       |                 | 10278 |   672K|       |   614   (3)| 00:00:08 |
|   1 |  SORT GROUP BY         |                 | 10278 |   672K|   856K|   614   (3)| 00:00:08 |
|*  2 |   HASH JOIN            |                 | 10278 |   672K|       |   449   (3)| 00:00:06 |
|   3 |    TABLE ACCESS FULL   | TIME_BY_DAY     |   730 |  8760 |       |     3   (0)| 00:00:01 |
|   4 |    VIEW                | VW_GBC_9        | 10278 |   552K|       |   445   (3)| 00:00:06 |
|   5 |     HASH GROUP BY      |                 | 10278 |   371K|  4440K|   445   (3)| 00:00:06 |
|*  6 |      HASH JOIN         |                 | 86835 |  3137K|       |    77   (6)| 00:00:01 |
|   7 |       TABLE ACCESS FULL| PRODUCT         |  1560 | 24960 |       |     4   (0)| 00:00:01 |
|   8 |       TABLE ACCESS FULL| SALES_FACT_1997 | 86835 |  1780K|       |    71   (3)| 00:00:01 |
--------------------------------------------------------------------------------------------------

Predicate Information (identified by operation id):
---------------------------------------------------

2 - access(""TIME_BY_DAY"".""TIME_ID""=""ITEM_1"")
6 - access(""PRODUCT"".""PRODUCT_ID""=""FT"".""PRODUCT_ID"")
","with sales explain unit_sales by product_category, the_date against store_cost, store_sales using CrossCorrelation, Multireg, Polyfit",133,672000.0,400.0,614.0,10278.0,932,55
16949,466da651-6e64-4696-8ea1-0c55cb8f303f,"Plan hash value: 1148224997

-----------------------------------------------------------------------------------------------
| Id  | Operation           | Name            | Rows  | Bytes |TempSpc| Cost (%CPU)| Time     |
-----------------------------------------------------------------------------------------------
|   0 | SELECT STATEMENT    |                 | 86835 |  2883K|       |   873   (2)| 00:00:11 |
|   1 |  SORT GROUP BY      |                 | 86835 |  2883K|  4096K|   873   (2)| 00:00:11 |
|*  2 |   HASH JOIN         |                 | 86835 |  2883K|       |    76   (6)| 00:00:01 |
|   3 |    TABLE ACCESS FULL| TIME_BY_DAY     |   730 |  8760 |       |     3   (0)| 00:00:01 |
|   4 |    TABLE ACCESS FULL| SALES_FACT_1997 | 86835 |  1865K|       |    71   (3)| 00:00:01 |
-----------------------------------------------------------------------------------------------

Predicate Information (identified by operation id):
---------------------------------------------------

2 - access(""TIME_BY_DAY"".""TIME_ID""=""FT"".""TIME_ID"")
","with sales explain unit_sales by customer_id, the_month against store_cost, store_sales using CrossCorrelation, Multireg, Polyfit",129,2883000.0,395.0,873.0,86835.0,932,69
18492,d0508c11-fdc4-41fb-89ae-f3608cb31678,"Plan hash value: 1148224997

-----------------------------------------------------------------------------------------------
| Id  | Operation           | Name            | Rows  | Bytes |TempSpc| Cost (%CPU)| Time     |
-----------------------------------------------------------------------------------------------
|   0 | SELECT STATEMENT    |                 | 26458 |   852K|       |   508   (3)| 00:00:07 |
|   1 |  SORT GROUP BY      |                 | 26458 |   852K|  4096K|   508   (3)| 00:00:07 |
|*  2 |   HASH JOIN         |                 | 86835 |  2798K|       |    76   (6)| 00:00:01 |
|   3 |    TABLE ACCESS FULL| TIME_BY_DAY     |   730 |  8760 |       |     3   (0)| 00:00:01 |
|   4 |    TABLE ACCESS FULL| SALES_FACT_1997 | 86835 |  1780K|       |    71   (3)| 00:00:01 |
-----------------------------------------------------------------------------------------------

Predicate Information (identified by operation id):
---------------------------------------------------

2 - access(""TIME_BY_DAY"".""TIME_ID""=""FT"".""TIME_ID"")
","with sales explain unit_sales by product_id, the_month against store_cost, store_sales using CrossCorrelation, Multireg, Polyfit",128,852000.0,385.0,508.0,26458.0,948,68
20525,42de34f2-917e-4745-87bf-0848075b02d2,"Plan hash value: 1148224997

-----------------------------------------------------------------------------------------------
| Id  | Operation           | Name            | Rows  | Bytes |TempSpc| Cost (%CPU)| Time     |
-----------------------------------------------------------------------------------------------
|   0 | SELECT STATEMENT    |                 | 86835 |  2883K|       |   873   (2)| 00:00:11 |
|   1 |  SORT GROUP BY      |                 | 86835 |  2883K|  4096K|   873   (2)| 00:00:11 |
|*  2 |   HASH JOIN         |                 | 86835 |  2883K|       |    76   (6)| 00:00:01 |
|   3 |    TABLE ACCESS FULL| TIME_BY_DAY     |   730 |  8760 |       |     3   (0)| 00:00:01 |
|   4 |    TABLE ACCESS FULL| SALES_FACT_1997 | 86835 |  1865K|       |    71   (3)| 00:00:01 |
-----------------------------------------------------------------------------------------------

Predicate Information (identified by operation id):
---------------------------------------------------

2 - access(""TIME_BY_DAY"".""TIME_ID""=""FT"".""TIME_ID"")
","with sales explain unit_sales by customer_id, the_date against store_cost, store_sales using CrossCorrelation, Multireg, Polyfit",128,2883000.0,392.0,873.0,86835.0,939,70
77832,af945502-6672-438b-8f47-a2214a269b61,"Plan hash value: 1148224997

-----------------------------------------------------------------------------------------------
| Id  | Operation           | Name            | Rows  | Bytes |TempSpc| Cost (%CPU)| Time     |
-----------------------------------------------------------------------------------------------
|   0 | SELECT STATEMENT    |                 | 86835 |  2798K|       |   855   (2)| 00:00:11 |
|   1 |  SORT GROUP BY      |                 | 86835 |  2798K|  4096K|   855   (2)| 00:00:11 |
|*  2 |   HASH JOIN         |                 | 86835 |  2798K|       |    76   (6)| 00:00:01 |
|   3 |    TABLE ACCESS FULL| TIME_BY_DAY     |   730 |  8760 |       |     3   (0)| 00:00:01 |
|   4 |    TABLE ACCESS FULL| SALES_FACT_1997 | 86835 |  1780K|       |    71   (3)| 00:00:01 |
-----------------------------------------------------------------------------------------------

Predicate Information (identified by operation id):
---------------------------------------------------

2 - access(""TIME_BY_DAY"".""TIME_ID""=""FT"".""TIME_ID"")
","with sales explain unit_sales by product_id, the_date against store_cost, store_sales using CrossCorrelation, Multireg, Polyfit",127,2798000.0,382.0,855.0,86835.0,1042,72
86832,2ac5bc8e-b13b-44e7-a15a-04a79a7c804b,"Plan hash value: 1148224997

-----------------------------------------------------------------------------------------------
| Id  | Operation           | Name            | Rows  | Bytes |TempSpc| Cost (%CPU)| Time     |
-----------------------------------------------------------------------------------------------
|   0 | SELECT STATEMENT    |                 | 86835 |  3222K|       |   939   (2)| 00:00:12 |
|   1 |  SORT GROUP BY      |                 | 86835 |  3222K|  4800K|   939   (2)| 00:00:12 |
|*  2 |   HASH JOIN         |                 | 86835 |  3222K|       |    76   (6)| 00:00:01 |
|   3 |    TABLE ACCESS FULL| TIME_BY_DAY     |   730 |  8760 |       |     3   (0)| 00:00:01 |
|   4 |    TABLE ACCESS FULL| SALES_FACT_1997 | 86835 |  2204K|       |    71   (3)| 00:00:01 |
-----------------------------------------------------------------------------------------------

Predicate Information (identified by operation id):
---------------------------------------------------

2 - access(""TIME_BY_DAY"".""TIME_ID""=""FT"".""TIME_ID"")
","with sales explain unit_sales by customer_id, product_id, the_date against store_cost, store_sales using CrossCorrelation, Multireg, Polyfit",140,3222000.0,509.0,939.0,86835.0,1056,93
12,20c952f3-7ac8-44d0-a5c3-36470903f74e,"Plan hash value: 1148224997

---------------------------------------------------------------------------------------
| Id  | Operation           | Name            | Rows  | Bytes | Cost (%CPU)| Time     |
---------------------------------------------------------------------------------------
|   0 | SELECT STATEMENT    |                 |    24 |   696 |    82  (13)| 00:00:01 |
|   1 |  SORT GROUP BY      |                 |    24 |   696 |    82  (13)| 00:00:01 |
|*  2 |   HASH JOIN         |                 | 86835 |  2459K|    76   (6)| 00:00:01 |
|   3 |    TABLE ACCESS FULL| TIME_BY_DAY     |   730 |  8760 |     3   (0)| 00:00:01 |
|   4 |    TABLE ACCESS FULL| SALES_FACT_1997 | 86835 |  1441K|    71   (3)| 00:00:01 |
---------------------------------------------------------------------------------------

Predicate Information (identified by operation id):
---------------------------------------------------

2 - access(""TIME_BY_DAY"".""TIME_ID""=""FT"".""TIME_ID"")
","with sales explain unit_sales by the_month against store_cost, store_sales using CrossCorrelation, Multireg, Polyfit",116,696.0,268.0,82.0,24.0,899,26
36,4a800643-f3de-45f4-ae43-b6afbd9c5e75,"Plan hash value: 165028050

----------------------------------------------------------------------------------------
| Id  | Operation            | Name            | Rows  | Bytes | Cost (%CPU)| Time     |
----------------------------------------------------------------------------------------
|   0 | SELECT STATEMENT     |                 |    51 |  2244 |    88  (14)| 00:00:02 |
|   1 |  SORT GROUP BY       |                 |    51 |  2244 |    88  (14)| 00:00:02 |
|*  2 |   HASH JOIN          |                 | 86835 |  3731K|    81   (7)| 00:00:01 |
|   3 |    TABLE ACCESS FULL | PRODUCT         |  1560 | 17160 |     4   (0)| 00:00:01 |
|*  4 |    HASH JOIN         |                 | 86835 |  2798K|    76   (6)| 00:00:01 |
|   5 |     TABLE ACCESS FULL| TIME_BY_DAY     |   730 |  8760 |     3   (0)| 00:00:01 |
|   6 |     TABLE ACCESS FULL| SALES_FACT_1997 | 86835 |  1780K|    71   (3)| 00:00:01 |
----------------------------------------------------------------------------------------

Predicate Information (identified by operation id):
---------------------------------------------------

2 - access(""PRODUCT"".""PRODUCT_ID""=""FT"".""PRODUCT_ID"")
4 - access(""TIME_BY_DAY"".""TIME_ID""=""FT"".""TIME_ID"")
","with sales explain unit_sales by product_family, the_month against store_cost, store_sales using CrossCorrelation, Multireg, Polyfit",132,2244.0,397.0,88.0,51.0,896,43
323,928df2a6-5ac9-44da-8648-9ea893260797,"Plan hash value: 1148224997

---------------------------------------------------------------------------------------
| Id  | Operation           | Name            | Rows  | Bytes | Cost (%CPU)| Time     |
---------------------------------------------------------------------------------------
|   0 | SELECT STATEMENT    |                 |   730 | 21170 |    82  (13)| 00:00:01 |
|   1 |  SORT GROUP BY      |                 |   730 | 21170 |    82  (13)| 00:00:01 |
|*  2 |   HASH JOIN         |                 | 86835 |  2459K|    76   (6)| 00:00:01 |
|   3 |    TABLE ACCESS FULL| TIME_BY_DAY     |   730 |  8760 |     3   (0)| 00:00:01 |
|   4 |    TABLE ACCESS FULL| SALES_FACT_1997 | 86835 |  1441K|    71   (3)| 00:00:01 |
---------------------------------------------------------------------------------------

Predicate Information (identified by operation id):
---------------------------------------------------

2 - access(""TIME_BY_DAY"".""TIME_ID""=""FT"".""TIME_ID"")
","with sales explain unit_sales by the_date against store_cost, store_sales using CrossCorrelation, Multireg, Polyfit",115,21170.0,265.0,82.0,730.0,903,35
540,1925ba77-d6ff-4aa2-9c4b-5eefd7b20040,"Plan hash value: 165028050

----------------------------------------------------------------------------------------
| Id  | Operation            | Name            | Rows  | Bytes | Cost (%CPU)| Time     |
----------------------------------------------------------------------------------------
|   0 | SELECT STATEMENT     |                 |   764 | 37436 |    88  (14)| 00:00:02 |
|   1 |  SORT GROUP BY       |                 |   764 | 37436 |    88  (14)| 00:00:02 |
|*  2 |   HASH JOIN          |                 | 86835 |  4155K|    81   (7)| 00:00:01 |
|   3 |    TABLE ACCESS FULL | PRODUCT         |  1560 | 24960 |     4   (0)| 00:00:01 |
|*  4 |    HASH JOIN         |                 | 86835 |  2798K|    76   (6)| 00:00:01 |
|   5 |     TABLE ACCESS FULL| TIME_BY_DAY     |   730 |  8760 |     3   (0)| 00:00:01 |
|   6 |     TABLE ACCESS FULL| SALES_FACT_1997 | 86835 |  1780K|    71   (3)| 00:00:01 |
----------------------------------------------------------------------------------------

Predicate Information (identified by operation id):
---------------------------------------------------

2 - access(""PRODUCT"".""PRODUCT_ID""=""FT"".""PRODUCT_ID"")
4 - access(""TIME_BY_DAY"".""TIME_ID""=""FT"".""TIME_ID"")
","with sales explain unit_sales by product_category, the_month against store_cost, store_sales using CrossCorrelation, Multireg, Polyfit",134,37436.0,403.0,88.0,764.0,891,55
1224,6a9d0850-9c25-4aa2-8adb-97cff2d4418b,"Plan hash value: 165028050

----------------------------------------------------------------------------------------
| Id  | Operation            | Name            | Rows  | Bytes | Cost (%CPU)| Time     |
----------------------------------------------------------------------------------------
|   0 | SELECT STATEMENT     |                 |  1731 | 83088 |    88  (14)| 00:00:02 |
|   1 |  SORT GROUP BY       |                 |  1731 | 83088 |    88  (14)| 00:00:02 |
|*  2 |   HASH JOIN          |                 | 86835 |  4070K|    81   (7)| 00:00:01 |
|   3 |    TABLE ACCESS FULL | PRODUCT         |  1560 | 23400 |     4   (0)| 00:00:01 |
|*  4 |    HASH JOIN         |                 | 86835 |  2798K|    76   (6)| 00:00:01 |
|   5 |     TABLE ACCESS FULL| TIME_BY_DAY     |   730 |  8760 |     3   (0)| 00:00:01 |
|   6 |     TABLE ACCESS FULL| SALES_FACT_1997 | 86835 |  1780K|    71   (3)| 00:00:01 |
----------------------------------------------------------------------------------------

Predicate Information (identified by operation id):
---------------------------------------------------

2 - access(""PRODUCT"".""PRODUCT_ID""=""FT"".""PRODUCT_ID"")
4 - access(""TIME_BY_DAY"".""TIME_ID""=""FT"".""TIME_ID"")
","with sales explain unit_sales by product_subcategory, the_month against store_cost, store_sales using CrossCorrelation, Multireg, Polyfit",137,83088.0,412.0,88.0,1731.0,896,62
12113,75fc8fa4-fac2-4e9d-9753-b9e54089825a,"Plan hash value: 251198219

--------------------------------------------------------------------------------------------------
| Id  | Operation              | Name            | Rows  | Bytes |TempSpc| Cost (%CPU)| Time     |
--------------------------------------------------------------------------------------------------
|   0 | SELECT STATEMENT       |                 | 10278 |   672K|       |   614   (3)| 00:00:08 |
|   1 |  SORT GROUP BY         |                 | 10278 |   672K|   856K|   614   (3)| 00:00:08 |
|*  2 |   HASH JOIN            |                 | 10278 |   672K|       |   449   (3)| 00:00:06 |
|   3 |    TABLE ACCESS FULL   | TIME_BY_DAY     |   730 |  8760 |       |     3   (0)| 00:00:01 |
|   4 |    VIEW                | VW_GBC_9        | 10278 |   552K|       |   445   (3)| 00:00:06 |
|   5 |     HASH GROUP BY      |                 | 10278 |   371K|  4440K|   445   (3)| 00:00:06 |
|*  6 |      HASH JOIN         |                 | 86835 |  3137K|       |    77   (6)| 00:00:01 |
|   7 |       TABLE ACCESS FULL| PRODUCT         |  1560 | 24960 |       |     4   (0)| 00:00:01 |
|   8 |       TABLE ACCESS FULL| SALES_FACT_1997 | 86835 |  1780K|       |    71   (3)| 00:00:01 |
--------------------------------------------------------------------------------------------------

Predicate Information (identified by operation id):
---------------------------------------------------

2 - access(""TIME_BY_DAY"".""TIME_ID""=""ITEM_1"")
6 - access(""PRODUCT"".""PRODUCT_ID""=""FT"".""PRODUCT_ID"")
","with sales explain unit_sales by product_category, the_date against store_cost, store_sales using CrossCorrelation, Multireg, Polyfit",133,672000.0,400.0,614.0,10278.0,917,45
16949,595a8aaa-5653-46ef-aba4-251bdae40cab,"Plan hash value: 1148224997

-----------------------------------------------------------------------------------------------
| Id  | Operation           | Name            | Rows  | Bytes |TempSpc| Cost (%CPU)| Time     |
-----------------------------------------------------------------------------------------------
|   0 | SELECT STATEMENT    |                 | 86835 |  2883K|       |   873   (2)| 00:00:11 |
|   1 |  SORT GROUP BY      |                 | 86835 |  2883K|  4096K|   873   (2)| 00:00:11 |
|*  2 |   HASH JOIN         |                 | 86835 |  2883K|       |    76   (6)| 00:00:01 |
|   3 |    TABLE ACCESS FULL| TIME_BY_DAY     |   730 |  8760 |       |     3   (0)| 00:00:01 |
|   4 |    TABLE ACCESS FULL| SALES_FACT_1997 | 86835 |  1865K|       |    71   (3)| 00:00:01 |
-----------------------------------------------------------------------------------------------

Predicate Information (identified by operation id):
---------------------------------------------------

2 - access(""TIME_BY_DAY"".""TIME_ID""=""FT"".""TIME_ID"")
","with sales explain unit_sales by customer_id, the_month against store_cost, store_sales using CrossCorrelation, Multireg, Polyfit",129,2883000.0,395.0,873.0,86835.0,944,67
18492,075a9db2-7059-4cb2-82fd-c2b3b63e2bf8,"Plan hash value: 1148224997

-----------------------------------------------------------------------------------------------
| Id  | Operation           | Name            | Rows  | Bytes |TempSpc| Cost (%CPU)| Time     |
-----------------------------------------------------------------------------------------------
|   0 | SELECT STATEMENT    |                 | 26458 |   852K|       |   508   (3)| 00:00:07 |
|   1 |  SORT GROUP BY      |                 | 26458 |   852K|  4096K|   508   (3)| 00:00:07 |
|*  2 |   HASH JOIN         |                 | 86835 |  2798K|       |    76   (6)| 00:00:01 |
|   3 |    TABLE ACCESS FULL| TIME_BY_DAY     |   730 |  8760 |       |     3   (0)| 00:00:01 |
|   4 |    TABLE ACCESS FULL| SALES_FACT_1997 | 86835 |  1780K|       |    71   (3)| 00:00:01 |
-----------------------------------------------------------------------------------------------

Predicate Information (identified by operation id):
---------------------------------------------------

2 - access(""TIME_BY_DAY"".""TIME_ID""=""FT"".""TIME_ID"")
","with sales explain unit_sales by product_id, the_month against store_cost, store_sales using CrossCorrelation, Multireg, Polyfit",128,852000.0,385.0,508.0,26458.0,952,58
20525,b1d680ed-4afd-4c7a-b701-a146ac245ac6,"Plan hash value: 1148224997

-----------------------------------------------------------------------------------------------
| Id  | Operation           | Name            | Rows  | Bytes |TempSpc| Cost (%CPU)| Time     |
-----------------------------------------------------------------------------------------------
|   0 | SELECT STATEMENT    |                 | 86835 |  2883K|       |   873   (2)| 00:00:11 |
|   1 |  SORT GROUP BY      |                 | 86835 |  2883K|  4096K|   873   (2)| 00:00:11 |
|*  2 |   HASH JOIN         |                 | 86835 |  2883K|       |    76   (6)| 00:00:01 |
|   3 |    TABLE ACCESS FULL| TIME_BY_DAY     |   730 |  8760 |       |     3   (0)| 00:00:01 |
|   4 |    TABLE ACCESS FULL| SALES_FACT_1997 | 86835 |  1865K|       |    71   (3)| 00:00:01 |
-----------------------------------------------------------------------------------------------

Predicate Information (identified by operation id):
---------------------------------------------------

2 - access(""TIME_BY_DAY"".""TIME_ID""=""FT"".""TIME_ID"")
","with sales explain unit_sales by customer_id, the_date against store_cost, store_sales using CrossCorrelation, Multireg, Polyfit",128,2883000.0,392.0,873.0,86835.0,946,73
77832,e9d5738f-7fde-4cae-a5fb-5f8e2149835a,"Plan hash value: 1148224997

-----------------------------------------------------------------------------------------------
| Id  | Operation           | Name            | Rows  | Bytes |TempSpc| Cost (%CPU)| Time     |
-----------------------------------------------------------------------------------------------
|   0 | SELECT STATEMENT    |                 | 86835 |  2798K|       |   855   (2)| 00:00:11 |
|   1 |  SORT GROUP BY      |                 | 86835 |  2798K|  4096K|   855   (2)| 00:00:11 |
|*  2 |   HASH JOIN         |                 | 86835 |  2798K|       |    76   (6)| 00:00:01 |
|   3 |    TABLE ACCESS FULL| TIME_BY_DAY     |   730 |  8760 |       |     3   (0)| 00:00:01 |
|   4 |    TABLE ACCESS FULL| SALES_FACT_1997 | 86835 |  1780K|       |    71   (3)| 00:00:01 |
-----------------------------------------------------------------------------------------------

Predicate Information (identified by operation id):
---------------------------------------------------

2 - access(""TIME_BY_DAY"".""TIME_ID""=""FT"".""TIME_ID"")
","with sales explain unit_sales by product_id, the_date against store_cost, store_sales using CrossCorrelation, Multireg, Polyfit",127,2798000.0,382.0,855.0,86835.0,1039,74
86832,eed94015-09d1-4e12-a34e-836c85163d28,"Plan hash value: 1148224997

-----------------------------------------------------------------------------------------------
| Id  | Operation           | Name            | Rows  | Bytes |TempSpc| Cost (%CPU)| Time     |
-----------------------------------------------------------------------------------------------
|   0 | SELECT STATEMENT    |                 | 86835 |  3222K|       |   939   (2)| 00:00:12 |
|   1 |  SORT GROUP BY      |                 | 86835 |  3222K|  4800K|   939   (2)| 00:00:12 |
|*  2 |   HASH JOIN         |                 | 86835 |  3222K|       |    76   (6)| 00:00:01 |
|   3 |    TABLE ACCESS FULL| TIME_BY_DAY     |   730 |  8760 |       |     3   (0)| 00:00:01 |
|   4 |    TABLE ACCESS FULL| SALES_FACT_1997 | 86835 |  2204K|       |    71   (3)| 00:00:01 |
-----------------------------------------------------------------------------------------------

Predicate Information (identified by operation id):
---------------------------------------------------

2 - access(""TIME_BY_DAY"".""TIME_ID""=""FT"".""TIME_ID"")
","with sales explain unit_sales by customer_id, product_id, the_date against store_cost, store_sales using CrossCorrelation, Multireg, Polyfit",140,3222000.0,509.0,939.0,86835.0,1063,86
12,4ead208d-f69a-4481-9f63-232c07d2b190,"Plan hash value: 1148224997

---------------------------------------------------------------------------------------
| Id  | Operation           | Name            | Rows  | Bytes | Cost (%CPU)| Time     |
---------------------------------------------------------------------------------------
|   0 | SELECT STATEMENT    |                 |    24 |   696 |    82  (13)| 00:00:01 |
|   1 |  SORT GROUP BY      |                 |    24 |   696 |    82  (13)| 00:00:01 |
|*  2 |   HASH JOIN         |                 | 86835 |  2459K|    76   (6)| 00:00:01 |
|   3 |    TABLE ACCESS FULL| TIME_BY_DAY     |   730 |  8760 |     3   (0)| 00:00:01 |
|   4 |    TABLE ACCESS FULL| SALES_FACT_1997 | 86835 |  1441K|    71   (3)| 00:00:01 |
---------------------------------------------------------------------------------------

Predicate Information (identified by operation id):
---------------------------------------------------

2 - access(""TIME_BY_DAY"".""TIME_ID""=""FT"".""TIME_ID"")
","with sales explain unit_sales by the_month against store_cost, store_sales using CrossCorrelation, Multireg, Polyfit",116,696.0,268.0,82.0,24.0,900,28
36,b1f433d4-6a1c-4f5c-9b01-037438ba147d,"Plan hash value: 165028050

----------------------------------------------------------------------------------------
| Id  | Operation            | Name            | Rows  | Bytes | Cost (%CPU)| Time     |
----------------------------------------------------------------------------------------
|   0 | SELECT STATEMENT     |                 |    51 |  2244 |    88  (14)| 00:00:02 |
|   1 |  SORT GROUP BY       |                 |    51 |  2244 |    88  (14)| 00:00:02 |
|*  2 |   HASH JOIN          |                 | 86835 |  3731K|    81   (7)| 00:00:01 |
|   3 |    TABLE ACCESS FULL | PRODUCT         |  1560 | 17160 |     4   (0)| 00:00:01 |
|*  4 |    HASH JOIN         |                 | 86835 |  2798K|    76   (6)| 00:00:01 |
|   5 |     TABLE ACCESS FULL| TIME_BY_DAY     |   730 |  8760 |     3   (0)| 00:00:01 |
|   6 |     TABLE ACCESS FULL| SALES_FACT_1997 | 86835 |  1780K|    71   (3)| 00:00:01 |
----------------------------------------------------------------------------------------

Predicate Information (identified by operation id):
---------------------------------------------------

2 - access(""PRODUCT"".""PRODUCT_ID""=""FT"".""PRODUCT_ID"")
4 - access(""TIME_BY_DAY"".""TIME_ID""=""FT"".""TIME_ID"")
","with sales explain unit_sales by product_family, the_month against store_cost, store_sales using CrossCorrelation, Multireg, Polyfit",132,2244.0,397.0,88.0,51.0,889,42
323,fbad82a3-cd9f-419d-89f8-89fe8c7e140e,"Plan hash value: 1148224997

---------------------------------------------------------------------------------------
| Id  | Operation           | Name            | Rows  | Bytes | Cost (%CPU)| Time     |
---------------------------------------------------------------------------------------
|   0 | SELECT STATEMENT    |                 |   730 | 21170 |    82  (13)| 00:00:01 |
|   1 |  SORT GROUP BY      |                 |   730 | 21170 |    82  (13)| 00:00:01 |
|*  2 |   HASH JOIN         |                 | 86835 |  2459K|    76   (6)| 00:00:01 |
|   3 |    TABLE ACCESS FULL| TIME_BY_DAY     |   730 |  8760 |     3   (0)| 00:00:01 |
|   4 |    TABLE ACCESS FULL| SALES_FACT_1997 | 86835 |  1441K|    71   (3)| 00:00:01 |
---------------------------------------------------------------------------------------

Predicate Information (identified by operation id):
---------------------------------------------------

2 - access(""TIME_BY_DAY"".""TIME_ID""=""FT"".""TIME_ID"")
","with sales explain unit_sales by the_date against store_cost, store_sales using CrossCorrelation, Multireg, Polyfit",115,21170.0,265.0,82.0,730.0,906,31
540,000f7c93-bac1-4da9-8038-40c9cdd96d39,"Plan hash value: 165028050

----------------------------------------------------------------------------------------
| Id  | Operation            | Name            | Rows  | Bytes | Cost (%CPU)| Time     |
----------------------------------------------------------------------------------------
|   0 | SELECT STATEMENT     |                 |   764 | 37436 |    88  (14)| 00:00:02 |
|   1 |  SORT GROUP BY       |                 |   764 | 37436 |    88  (14)| 00:00:02 |
|*  2 |   HASH JOIN          |                 | 86835 |  4155K|    81   (7)| 00:00:01 |
|   3 |    TABLE ACCESS FULL | PRODUCT         |  1560 | 24960 |     4   (0)| 00:00:01 |
|*  4 |    HASH JOIN         |                 | 86835 |  2798K|    76   (6)| 00:00:01 |
|   5 |     TABLE ACCESS FULL| TIME_BY_DAY     |   730 |  8760 |     3   (0)| 00:00:01 |
|   6 |     TABLE ACCESS FULL| SALES_FACT_1997 | 86835 |  1780K|    71   (3)| 00:00:01 |
----------------------------------------------------------------------------------------

Predicate Information (identified by operation id):
---------------------------------------------------

2 - access(""PRODUCT"".""PRODUCT_ID""=""FT"".""PRODUCT_ID"")
4 - access(""TIME_BY_DAY"".""TIME_ID""=""FT"".""TIME_ID"")
","with sales explain unit_sales by product_category, the_month against store_cost, store_sales using CrossCorrelation, Multireg, Polyfit",134,37436.0,403.0,88.0,764.0,906,50
1224,a19b2488-4b90-474f-a58d-ff40289d56cb,"Plan hash value: 165028050

----------------------------------------------------------------------------------------
| Id  | Operation            | Name            | Rows  | Bytes | Cost (%CPU)| Time     |
----------------------------------------------------------------------------------------
|   0 | SELECT STATEMENT     |                 |  1731 | 83088 |    88  (14)| 00:00:02 |
|   1 |  SORT GROUP BY       |                 |  1731 | 83088 |    88  (14)| 00:00:02 |
|*  2 |   HASH JOIN          |                 | 86835 |  4070K|    81   (7)| 00:00:01 |
|   3 |    TABLE ACCESS FULL | PRODUCT         |  1560 | 23400 |     4   (0)| 00:00:01 |
|*  4 |    HASH JOIN         |                 | 86835 |  2798K|    76   (6)| 00:00:01 |
|   5 |     TABLE ACCESS FULL| TIME_BY_DAY     |   730 |  8760 |     3   (0)| 00:00:01 |
|   6 |     TABLE ACCESS FULL| SALES_FACT_1997 | 86835 |  1780K|    71   (3)| 00:00:01 |
----------------------------------------------------------------------------------------

Predicate Information (identified by operation id):
---------------------------------------------------

2 - access(""PRODUCT"".""PRODUCT_ID""=""FT"".""PRODUCT_ID"")
4 - access(""TIME_BY_DAY"".""TIME_ID""=""FT"".""TIME_ID"")
","with sales explain unit_sales by product_subcategory, the_month against store_cost, store_sales using CrossCorrelation, Multireg, Polyfit",137,83088.0,412.0,88.0,1731.0,903,53
12113,3812cc62-82aa-4048-b6d0-5d25764689fe,"Plan hash value: 251198219

--------------------------------------------------------------------------------------------------
| Id  | Operation              | Name            | Rows  | Bytes |TempSpc| Cost (%CPU)| Time     |
--------------------------------------------------------------------------------------------------
|   0 | SELECT STATEMENT       |                 | 10278 |   672K|       |   614   (3)| 00:00:08 |
|   1 |  SORT GROUP BY         |                 | 10278 |   672K|   856K|   614   (3)| 00:00:08 |
|*  2 |   HASH JOIN            |                 | 10278 |   672K|       |   449   (3)| 00:00:06 |
|   3 |    TABLE ACCESS FULL   | TIME_BY_DAY     |   730 |  8760 |       |     3   (0)| 00:00:01 |
|   4 |    VIEW                | VW_GBC_9        | 10278 |   552K|       |   445   (3)| 00:00:06 |
|   5 |     HASH GROUP BY      |                 | 10278 |   371K|  4440K|   445   (3)| 00:00:06 |
|*  6 |      HASH JOIN         |                 | 86835 |  3137K|       |    77   (6)| 00:00:01 |
|   7 |       TABLE ACCESS FULL| PRODUCT         |  1560 | 24960 |       |     4   (0)| 00:00:01 |
|   8 |       TABLE ACCESS FULL| SALES_FACT_1997 | 86835 |  1780K|       |    71   (3)| 00:00:01 |
--------------------------------------------------------------------------------------------------

Predicate Information (identified by operation id):
---------------------------------------------------

2 - access(""TIME_BY_DAY"".""TIME_ID""=""ITEM_1"")
6 - access(""PRODUCT"".""PRODUCT_ID""=""FT"".""PRODUCT_ID"")
","with sales explain unit_sales by product_category, the_date against store_cost, store_sales using CrossCorrelation, Multireg, Polyfit",133,672000.0,400.0,614.0,10278.0,930,49
16949,e7bf44e1-7290-4de2-a00f-d827b4159bd4,"Plan hash value: 1148224997

-----------------------------------------------------------------------------------------------
| Id  | Operation           | Name            | Rows  | Bytes |TempSpc| Cost (%CPU)| Time     |
-----------------------------------------------------------------------------------------------
|   0 | SELECT STATEMENT    |                 | 86835 |  2883K|       |   873   (2)| 00:00:11 |
|   1 |  SORT GROUP BY      |                 | 86835 |  2883K|  4096K|   873   (2)| 00:00:11 |
|*  2 |   HASH JOIN         |                 | 86835 |  2883K|       |    76   (6)| 00:00:01 |
|   3 |    TABLE ACCESS FULL| TIME_BY_DAY     |   730 |  8760 |       |     3   (0)| 00:00:01 |
|   4 |    TABLE ACCESS FULL| SALES_FACT_1997 | 86835 |  1865K|       |    71   (3)| 00:00:01 |
-----------------------------------------------------------------------------------------------

Predicate Information (identified by operation id):
---------------------------------------------------

2 - access(""TIME_BY_DAY"".""TIME_ID""=""FT"".""TIME_ID"")
","with sales explain unit_sales by customer_id, the_month against store_cost, store_sales using CrossCorrelation, Multireg, Polyfit",129,2883000.0,395.0,873.0,86835.0,948,76
18492,60fcceeb-afe5-4629-9e7f-6650ef9890db,"Plan hash value: 1148224997

-----------------------------------------------------------------------------------------------
| Id  | Operation           | Name            | Rows  | Bytes |TempSpc| Cost (%CPU)| Time     |
-----------------------------------------------------------------------------------------------
|   0 | SELECT STATEMENT    |                 | 26458 |   852K|       |   508   (3)| 00:00:07 |
|   1 |  SORT GROUP BY      |                 | 26458 |   852K|  4096K|   508   (3)| 00:00:07 |
|*  2 |   HASH JOIN         |                 | 86835 |  2798K|       |    76   (6)| 00:00:01 |
|   3 |    TABLE ACCESS FULL| TIME_BY_DAY     |   730 |  8760 |       |     3   (0)| 00:00:01 |
|   4 |    TABLE ACCESS FULL| SALES_FACT_1997 | 86835 |  1780K|       |    71   (3)| 00:00:01 |
-----------------------------------------------------------------------------------------------

Predicate Information (identified by operation id):
---------------------------------------------------

2 - access(""TIME_BY_DAY"".""TIME_ID""=""FT"".""TIME_ID"")
","with sales explain unit_sales by product_id, the_month against store_cost, store_sales using CrossCorrelation, Multireg, Polyfit",128,852000.0,385.0,508.0,26458.0,948,68
20525,9ba61206-826e-4cfa-b537-b613d98a0fca,"Plan hash value: 1148224997

-----------------------------------------------------------------------------------------------
| Id  | Operation           | Name            | Rows  | Bytes |TempSpc| Cost (%CPU)| Time     |
-----------------------------------------------------------------------------------------------
|   0 | SELECT STATEMENT    |                 | 86835 |  2883K|       |   873   (2)| 00:00:11 |
|   1 |  SORT GROUP BY      |                 | 86835 |  2883K|  4096K|   873   (2)| 00:00:11 |
|*  2 |   HASH JOIN         |                 | 86835 |  2883K|       |    76   (6)| 00:00:01 |
|   3 |    TABLE ACCESS FULL| TIME_BY_DAY     |   730 |  8760 |       |     3   (0)| 00:00:01 |
|   4 |    TABLE ACCESS FULL| SALES_FACT_1997 | 86835 |  1865K|       |    71   (3)| 00:00:01 |
-----------------------------------------------------------------------------------------------

Predicate Information (identified by operation id):
---------------------------------------------------

2 - access(""TIME_BY_DAY"".""TIME_ID""=""FT"".""TIME_ID"")
","with sales explain unit_sales by customer_id, the_date against store_cost, store_sales using CrossCorrelation, Multireg, Polyfit",128,2883000.0,392.0,873.0,86835.0,953,78
77832,51ae360c-5598-4f1f-8fe3-e01009ed1744,"Plan hash value: 1148224997

-----------------------------------------------------------------------------------------------
| Id  | Operation           | Name            | Rows  | Bytes |TempSpc| Cost (%CPU)| Time     |
-----------------------------------------------------------------------------------------------
|   0 | SELECT STATEMENT    |                 | 86835 |  2798K|       |   855   (2)| 00:00:11 |
|   1 |  SORT GROUP BY      |                 | 86835 |  2798K|  4096K|   855   (2)| 00:00:11 |
|*  2 |   HASH JOIN         |                 | 86835 |  2798K|       |    76   (6)| 00:00:01 |
|   3 |    TABLE ACCESS FULL| TIME_BY_DAY     |   730 |  8760 |       |     3   (0)| 00:00:01 |
|   4 |    TABLE ACCESS FULL| SALES_FACT_1997 | 86835 |  1780K|       |    71   (3)| 00:00:01 |
-----------------------------------------------------------------------------------------------

Predicate Information (identified by operation id):
---------------------------------------------------

2 - access(""TIME_BY_DAY"".""TIME_ID""=""FT"".""TIME_ID"")
","with sales explain unit_sales by product_id, the_date against store_cost, store_sales using CrossCorrelation, Multireg, Polyfit",127,2798000.0,382.0,855.0,86835.0,1043,70
86832,fce1e949-5703-4bfe-a970-b9e714ba635f,"Plan hash value: 1148224997

-----------------------------------------------------------------------------------------------
| Id  | Operation           | Name            | Rows  | Bytes |TempSpc| Cost (%CPU)| Time     |
-----------------------------------------------------------------------------------------------
|   0 | SELECT STATEMENT    |                 | 86835 |  3222K|       |   939   (2)| 00:00:12 |
|   1 |  SORT GROUP BY      |                 | 86835 |  3222K|  4800K|   939   (2)| 00:00:12 |
|*  2 |   HASH JOIN         |                 | 86835 |  3222K|       |    76   (6)| 00:00:01 |
|   3 |    TABLE ACCESS FULL| TIME_BY_DAY     |   730 |  8760 |       |     3   (0)| 00:00:01 |
|   4 |    TABLE ACCESS FULL| SALES_FACT_1997 | 86835 |  2204K|       |    71   (3)| 00:00:01 |
-----------------------------------------------------------------------------------------------

Predicate Information (identified by operation id):
---------------------------------------------------

2 - access(""TIME_BY_DAY"".""TIME_ID""=""FT"".""TIME_ID"")
","with sales explain unit_sales by customer_id, product_id, the_date against store_cost, store_sales using CrossCorrelation, Multireg, Polyfit",140,3222000.0,509.0,939.0,86835.0,1063,92
12,f0114131-46aa-4be7-a3fb-6ddd2e5fa8c1,"Plan hash value: 1148224997

---------------------------------------------------------------------------------------
| Id  | Operation           | Name            | Rows  | Bytes | Cost (%CPU)| Time     |
---------------------------------------------------------------------------------------
|   0 | SELECT STATEMENT    |                 |    24 |   696 |    82  (13)| 00:00:01 |
|   1 |  SORT GROUP BY      |                 |    24 |   696 |    82  (13)| 00:00:01 |
|*  2 |   HASH JOIN         |                 | 86835 |  2459K|    76   (6)| 00:00:01 |
|   3 |    TABLE ACCESS FULL| TIME_BY_DAY     |   730 |  8760 |     3   (0)| 00:00:01 |
|   4 |    TABLE ACCESS FULL| SALES_FACT_1997 | 86835 |  1441K|    71   (3)| 00:00:01 |
---------------------------------------------------------------------------------------

Predicate Information (identified by operation id):
---------------------------------------------------

2 - access(""TIME_BY_DAY"".""TIME_ID""=""FT"".""TIME_ID"")
","with sales explain unit_sales by the_month against store_cost, store_sales using CrossCorrelation, Multireg, Polyfit",116,696.0,268.0,82.0,24.0,902,27
36,fc91465a-82ff-416f-a90c-57abb61367cc,"Plan hash value: 165028050

----------------------------------------------------------------------------------------
| Id  | Operation            | Name            | Rows  | Bytes | Cost (%CPU)| Time     |
----------------------------------------------------------------------------------------
|   0 | SELECT STATEMENT     |                 |    51 |  2244 |    88  (14)| 00:00:02 |
|   1 |  SORT GROUP BY       |                 |    51 |  2244 |    88  (14)| 00:00:02 |
|*  2 |   HASH JOIN          |                 | 86835 |  3731K|    81   (7)| 00:00:01 |
|   3 |    TABLE ACCESS FULL | PRODUCT         |  1560 | 17160 |     4   (0)| 00:00:01 |
|*  4 |    HASH JOIN         |                 | 86835 |  2798K|    76   (6)| 00:00:01 |
|   5 |     TABLE ACCESS FULL| TIME_BY_DAY     |   730 |  8760 |     3   (0)| 00:00:01 |
|   6 |     TABLE ACCESS FULL| SALES_FACT_1997 | 86835 |  1780K|    71   (3)| 00:00:01 |
----------------------------------------------------------------------------------------

Predicate Information (identified by operation id):
---------------------------------------------------

2 - access(""PRODUCT"".""PRODUCT_ID""=""FT"".""PRODUCT_ID"")
4 - access(""TIME_BY_DAY"".""TIME_ID""=""FT"".""TIME_ID"")
","with sales explain unit_sales by product_family, the_month against store_cost, store_sales using CrossCorrelation, Multireg, Polyfit",132,2244.0,397.0,88.0,51.0,896,38
323,cf5eb597-9406-4a06-9166-074e298900ab,"Plan hash value: 1148224997

---------------------------------------------------------------------------------------
| Id  | Operation           | Name            | Rows  | Bytes | Cost (%CPU)| Time     |
---------------------------------------------------------------------------------------
|   0 | SELECT STATEMENT    |                 |   730 | 21170 |    82  (13)| 00:00:01 |
|   1 |  SORT GROUP BY      |                 |   730 | 21170 |    82  (13)| 00:00:01 |
|*  2 |   HASH JOIN         |                 | 86835 |  2459K|    76   (6)| 00:00:01 |
|   3 |    TABLE ACCESS FULL| TIME_BY_DAY     |   730 |  8760 |     3   (0)| 00:00:01 |
|   4 |    TABLE ACCESS FULL| SALES_FACT_1997 | 86835 |  1441K|    71   (3)| 00:00:01 |
---------------------------------------------------------------------------------------

Predicate Information (identified by operation id):
---------------------------------------------------

2 - access(""TIME_BY_DAY"".""TIME_ID""=""FT"".""TIME_ID"")
","with sales explain unit_sales by the_date against store_cost, store_sales using CrossCorrelation, Multireg, Polyfit",115,21170.0,265.0,82.0,730.0,906,32
540,9d02223d-0c68-4e09-a1a1-85b77d3b156a,"Plan hash value: 165028050

----------------------------------------------------------------------------------------
| Id  | Operation            | Name            | Rows  | Bytes | Cost (%CPU)| Time     |
----------------------------------------------------------------------------------------
|   0 | SELECT STATEMENT     |                 |   764 | 37436 |    88  (14)| 00:00:02 |
|   1 |  SORT GROUP BY       |                 |   764 | 37436 |    88  (14)| 00:00:02 |
|*  2 |   HASH JOIN          |                 | 86835 |  4155K|    81   (7)| 00:00:01 |
|   3 |    TABLE ACCESS FULL | PRODUCT         |  1560 | 24960 |     4   (0)| 00:00:01 |
|*  4 |    HASH JOIN         |                 | 86835 |  2798K|    76   (6)| 00:00:01 |
|   5 |     TABLE ACCESS FULL| TIME_BY_DAY     |   730 |  8760 |     3   (0)| 00:00:01 |
|   6 |     TABLE ACCESS FULL| SALES_FACT_1997 | 86835 |  1780K|    71   (3)| 00:00:01 |
----------------------------------------------------------------------------------------

Predicate Information (identified by operation id):
---------------------------------------------------

2 - access(""PRODUCT"".""PRODUCT_ID""=""FT"".""PRODUCT_ID"")
4 - access(""TIME_BY_DAY"".""TIME_ID""=""FT"".""TIME_ID"")
","with sales explain unit_sales by product_category, the_month against store_cost, store_sales using CrossCorrelation, Multireg, Polyfit",134,37436.0,403.0,88.0,764.0,894,49
1224,e8bd6ec9-ec9f-4ca3-a1f9-886acdfb3cc4,"Plan hash value: 165028050

----------------------------------------------------------------------------------------
| Id  | Operation            | Name            | Rows  | Bytes | Cost (%CPU)| Time     |
----------------------------------------------------------------------------------------
|   0 | SELECT STATEMENT     |                 |  1731 | 83088 |    88  (14)| 00:00:02 |
|   1 |  SORT GROUP BY       |                 |  1731 | 83088 |    88  (14)| 00:00:02 |
|*  2 |   HASH JOIN          |                 | 86835 |  4070K|    81   (7)| 00:00:01 |
|   3 |    TABLE ACCESS FULL | PRODUCT         |  1560 | 23400 |     4   (0)| 00:00:01 |
|*  4 |    HASH JOIN         |                 | 86835 |  2798K|    76   (6)| 00:00:01 |
|   5 |     TABLE ACCESS FULL| TIME_BY_DAY     |   730 |  8760 |     3   (0)| 00:00:01 |
|   6 |     TABLE ACCESS FULL| SALES_FACT_1997 | 86835 |  1780K|    71   (3)| 00:00:01 |
----------------------------------------------------------------------------------------

Predicate Information (identified by operation id):
---------------------------------------------------

2 - access(""PRODUCT"".""PRODUCT_ID""=""FT"".""PRODUCT_ID"")
4 - access(""TIME_BY_DAY"".""TIME_ID""=""FT"".""TIME_ID"")
","with sales explain unit_sales by product_subcategory, the_month against store_cost, store_sales using CrossCorrelation, Multireg, Polyfit",137,83088.0,412.0,88.0,1731.0,911,56
12113,6af8d9bc-9a73-478e-9103-573e032029f6,"Plan hash value: 251198219

--------------------------------------------------------------------------------------------------
| Id  | Operation              | Name            | Rows  | Bytes |TempSpc| Cost (%CPU)| Time     |
--------------------------------------------------------------------------------------------------
|   0 | SELECT STATEMENT       |                 | 10278 |   672K|       |   614   (3)| 00:00:08 |
|   1 |  SORT GROUP BY         |                 | 10278 |   672K|   856K|   614   (3)| 00:00:08 |
|*  2 |   HASH JOIN            |                 | 10278 |   672K|       |   449   (3)| 00:00:06 |
|   3 |    TABLE ACCESS FULL   | TIME_BY_DAY     |   730 |  8760 |       |     3   (0)| 00:00:01 |
|   4 |    VIEW                | VW_GBC_9        | 10278 |   552K|       |   445   (3)| 00:00:06 |
|   5 |     HASH GROUP BY      |                 | 10278 |   371K|  4440K|   445   (3)| 00:00:06 |
|*  6 |      HASH JOIN         |                 | 86835 |  3137K|       |    77   (6)| 00:00:01 |
|   7 |       TABLE ACCESS FULL| PRODUCT         |  1560 | 24960 |       |     4   (0)| 00:00:01 |
|   8 |       TABLE ACCESS FULL| SALES_FACT_1997 | 86835 |  1780K|       |    71   (3)| 00:00:01 |
--------------------------------------------------------------------------------------------------

Predicate Information (identified by operation id):
---------------------------------------------------

2 - access(""TIME_BY_DAY"".""TIME_ID""=""ITEM_1"")
6 - access(""PRODUCT"".""PRODUCT_ID""=""FT"".""PRODUCT_ID"")
","with sales explain unit_sales by product_category, the_date against store_cost, store_sales using CrossCorrelation, Multireg, Polyfit",133,672000.0,400.0,614.0,10278.0,942,51
16949,8f7667d7-2550-4fc0-9f4a-2d1b4d8bd1a4,"Plan hash value: 1148224997

-----------------------------------------------------------------------------------------------
| Id  | Operation           | Name            | Rows  | Bytes |TempSpc| Cost (%CPU)| Time     |
-----------------------------------------------------------------------------------------------
|   0 | SELECT STATEMENT    |                 | 86835 |  2883K|       |   873   (2)| 00:00:11 |
|   1 |  SORT GROUP BY      |                 | 86835 |  2883K|  4096K|   873   (2)| 00:00:11 |
|*  2 |   HASH JOIN         |                 | 86835 |  2883K|       |    76   (6)| 00:00:01 |
|   3 |    TABLE ACCESS FULL| TIME_BY_DAY     |   730 |  8760 |       |     3   (0)| 00:00:01 |
|   4 |    TABLE ACCESS FULL| SALES_FACT_1997 | 86835 |  1865K|       |    71   (3)| 00:00:01 |
-----------------------------------------------------------------------------------------------

Predicate Information (identified by operation id):
---------------------------------------------------

2 - access(""TIME_BY_DAY"".""TIME_ID""=""FT"".""TIME_ID"")
","with sales explain unit_sales by customer_id, the_month against store_cost, store_sales using CrossCorrelation, Multireg, Polyfit",129,2883000.0,395.0,873.0,86835.0,939,68
18492,1cfecdd5-4366-4d59-96e0-a0bfadae1220,"Plan hash value: 1148224997

-----------------------------------------------------------------------------------------------
| Id  | Operation           | Name            | Rows  | Bytes |TempSpc| Cost (%CPU)| Time     |
-----------------------------------------------------------------------------------------------
|   0 | SELECT STATEMENT    |                 | 26458 |   852K|       |   508   (3)| 00:00:07 |
|   1 |  SORT GROUP BY      |                 | 26458 |   852K|  4096K|   508   (3)| 00:00:07 |
|*  2 |   HASH JOIN         |                 | 86835 |  2798K|       |    76   (6)| 00:00:01 |
|   3 |    TABLE ACCESS FULL| TIME_BY_DAY     |   730 |  8760 |       |     3   (0)| 00:00:01 |
|   4 |    TABLE ACCESS FULL| SALES_FACT_1997 | 86835 |  1780K|       |    71   (3)| 00:00:01 |
-----------------------------------------------------------------------------------------------

Predicate Information (identified by operation id):
---------------------------------------------------

2 - access(""TIME_BY_DAY"".""TIME_ID""=""FT"".""TIME_ID"")
","with sales explain unit_sales by product_id, the_month against store_cost, store_sales using CrossCorrelation, Multireg, Polyfit",128,852000.0,385.0,508.0,26458.0,920,62
20525,cace09d5-de3c-479c-bb15-85313e0d69f8,"Plan hash value: 1148224997

-----------------------------------------------------------------------------------------------
| Id  | Operation           | Name            | Rows  | Bytes |TempSpc| Cost (%CPU)| Time     |
-----------------------------------------------------------------------------------------------
|   0 | SELECT STATEMENT    |                 | 86835 |  2883K|       |   873   (2)| 00:00:11 |
|   1 |  SORT GROUP BY      |                 | 86835 |  2883K|  4096K|   873   (2)| 00:00:11 |
|*  2 |   HASH JOIN         |                 | 86835 |  2883K|       |    76   (6)| 00:00:01 |
|   3 |    TABLE ACCESS FULL| TIME_BY_DAY     |   730 |  8760 |       |     3   (0)| 00:00:01 |
|   4 |    TABLE ACCESS FULL| SALES_FACT_1997 | 86835 |  1865K|       |    71   (3)| 00:00:01 |
-----------------------------------------------------------------------------------------------

Predicate Information (identified by operation id):
---------------------------------------------------

2 - access(""TIME_BY_DAY"".""TIME_ID""=""FT"".""TIME_ID"")
","with sales explain unit_sales by customer_id, the_date against store_cost, store_sales using CrossCorrelation, Multireg, Polyfit",128,2883000.0,392.0,873.0,86835.0,949,68
77832,d7b3ac3e-6c87-4b8d-ba98-d26085467f98,"Plan hash value: 1148224997

-----------------------------------------------------------------------------------------------
| Id  | Operation           | Name            | Rows  | Bytes |TempSpc| Cost (%CPU)| Time     |
-----------------------------------------------------------------------------------------------
|   0 | SELECT STATEMENT    |                 | 86835 |  2798K|       |   855   (2)| 00:00:11 |
|   1 |  SORT GROUP BY      |                 | 86835 |  2798K|  4096K|   855   (2)| 00:00:11 |
|*  2 |   HASH JOIN         |                 | 86835 |  2798K|       |    76   (6)| 00:00:01 |
|   3 |    TABLE ACCESS FULL| TIME_BY_DAY     |   730 |  8760 |       |     3   (0)| 00:00:01 |
|   4 |    TABLE ACCESS FULL| SALES_FACT_1997 | 86835 |  1780K|       |    71   (3)| 00:00:01 |
-----------------------------------------------------------------------------------------------

Predicate Information (identified by operation id):
---------------------------------------------------

2 - access(""TIME_BY_DAY"".""TIME_ID""=""FT"".""TIME_ID"")
","with sales explain unit_sales by product_id, the_date against store_cost, store_sales using CrossCorrelation, Multireg, Polyfit",127,2798000.0,382.0,855.0,86835.0,1041,72
86832,4b360f53-4eb3-40ff-b253-b84de54b172e,"Plan hash value: 1148224997

-----------------------------------------------------------------------------------------------
| Id  | Operation           | Name            | Rows  | Bytes |TempSpc| Cost (%CPU)| Time     |
-----------------------------------------------------------------------------------------------
|   0 | SELECT STATEMENT    |                 | 86835 |  3222K|       |   939   (2)| 00:00:12 |
|   1 |  SORT GROUP BY      |                 | 86835 |  3222K|  4800K|   939   (2)| 00:00:12 |
|*  2 |   HASH JOIN         |                 | 86835 |  3222K|       |    76   (6)| 00:00:01 |
|   3 |    TABLE ACCESS FULL| TIME_BY_DAY     |   730 |  8760 |       |     3   (0)| 00:00:01 |
|   4 |    TABLE ACCESS FULL| SALES_FACT_1997 | 86835 |  2204K|       |    71   (3)| 00:00:01 |
-----------------------------------------------------------------------------------------------

Predicate Information (identified by operation id):
---------------------------------------------------

2 - access(""TIME_BY_DAY"".""TIME_ID""=""FT"".""TIME_ID"")
","with sales explain unit_sales by customer_id, product_id, the_date against store_cost, store_sales using CrossCorrelation, Multireg, Polyfit",140,3222000.0,509.0,939.0,86835.0,1046,107
12,408ce7f3-cdb2-477e-8f8b-f26d2cf3562a,"Plan hash value: 1148224997

---------------------------------------------------------------------------------------
| Id  | Operation           | Name            | Rows  | Bytes | Cost (%CPU)| Time     |
---------------------------------------------------------------------------------------
|   0 | SELECT STATEMENT    |                 |    24 |   696 |    82  (13)| 00:00:01 |
|   1 |  SORT GROUP BY      |                 |    24 |   696 |    82  (13)| 00:00:01 |
|*  2 |   HASH JOIN         |                 | 86835 |  2459K|    76   (6)| 00:00:01 |
|   3 |    TABLE ACCESS FULL| TIME_BY_DAY     |   730 |  8760 |     3   (0)| 00:00:01 |
|   4 |    TABLE ACCESS FULL| SALES_FACT_1997 | 86835 |  1441K|    71   (3)| 00:00:01 |
---------------------------------------------------------------------------------------

Predicate Information (identified by operation id):
---------------------------------------------------

2 - access(""TIME_BY_DAY"".""TIME_ID""=""FT"".""TIME_ID"")
","with sales explain unit_sales by the_month against store_cost, store_sales using CrossCorrelation, Multireg, Polyfit",116,696.0,268.0,82.0,24.0,898,31
36,9a19022d-6c5a-4421-ad0b-e26d57961664,"Plan hash value: 165028050

----------------------------------------------------------------------------------------
| Id  | Operation            | Name            | Rows  | Bytes | Cost (%CPU)| Time     |
----------------------------------------------------------------------------------------
|   0 | SELECT STATEMENT     |                 |    51 |  2244 |    88  (14)| 00:00:02 |
|   1 |  SORT GROUP BY       |                 |    51 |  2244 |    88  (14)| 00:00:02 |
|*  2 |   HASH JOIN          |                 | 86835 |  3731K|    81   (7)| 00:00:01 |
|   3 |    TABLE ACCESS FULL | PRODUCT         |  1560 | 17160 |     4   (0)| 00:00:01 |
|*  4 |    HASH JOIN         |                 | 86835 |  2798K|    76   (6)| 00:00:01 |
|   5 |     TABLE ACCESS FULL| TIME_BY_DAY     |   730 |  8760 |     3   (0)| 00:00:01 |
|   6 |     TABLE ACCESS FULL| SALES_FACT_1997 | 86835 |  1780K|    71   (3)| 00:00:01 |
----------------------------------------------------------------------------------------

Predicate Information (identified by operation id):
---------------------------------------------------

2 - access(""PRODUCT"".""PRODUCT_ID""=""FT"".""PRODUCT_ID"")
4 - access(""TIME_BY_DAY"".""TIME_ID""=""FT"".""TIME_ID"")
","with sales explain unit_sales by product_family, the_month against store_cost, store_sales using CrossCorrelation, Multireg, Polyfit",132,2244.0,397.0,88.0,51.0,896,41
323,ff268c6b-65b1-4f0a-8782-43cce21f14fc,"Plan hash value: 1148224997

---------------------------------------------------------------------------------------
| Id  | Operation           | Name            | Rows  | Bytes | Cost (%CPU)| Time     |
---------------------------------------------------------------------------------------
|   0 | SELECT STATEMENT    |                 |   730 | 21170 |    82  (13)| 00:00:01 |
|   1 |  SORT GROUP BY      |                 |   730 | 21170 |    82  (13)| 00:00:01 |
|*  2 |   HASH JOIN         |                 | 86835 |  2459K|    76   (6)| 00:00:01 |
|   3 |    TABLE ACCESS FULL| TIME_BY_DAY     |   730 |  8760 |     3   (0)| 00:00:01 |
|   4 |    TABLE ACCESS FULL| SALES_FACT_1997 | 86835 |  1441K|    71   (3)| 00:00:01 |
---------------------------------------------------------------------------------------

Predicate Information (identified by operation id):
---------------------------------------------------

2 - access(""TIME_BY_DAY"".""TIME_ID""=""FT"".""TIME_ID"")
","with sales explain unit_sales by the_date against store_cost, store_sales using CrossCorrelation, Multireg, Polyfit",115,21170.0,265.0,82.0,730.0,908,36
540,8239768f-b1d0-4de4-acb1-c0083769f866,"Plan hash value: 165028050

----------------------------------------------------------------------------------------
| Id  | Operation            | Name            | Rows  | Bytes | Cost (%CPU)| Time     |
----------------------------------------------------------------------------------------
|   0 | SELECT STATEMENT     |                 |   764 | 37436 |    88  (14)| 00:00:02 |
|   1 |  SORT GROUP BY       |                 |   764 | 37436 |    88  (14)| 00:00:02 |
|*  2 |   HASH JOIN          |                 | 86835 |  4155K|    81   (7)| 00:00:01 |
|   3 |    TABLE ACCESS FULL | PRODUCT         |  1560 | 24960 |     4   (0)| 00:00:01 |
|*  4 |    HASH JOIN         |                 | 86835 |  2798K|    76   (6)| 00:00:01 |
|   5 |     TABLE ACCESS FULL| TIME_BY_DAY     |   730 |  8760 |     3   (0)| 00:00:01 |
|   6 |     TABLE ACCESS FULL| SALES_FACT_1997 | 86835 |  1780K|    71   (3)| 00:00:01 |
----------------------------------------------------------------------------------------

Predicate Information (identified by operation id):
---------------------------------------------------

2 - access(""PRODUCT"".""PRODUCT_ID""=""FT"".""PRODUCT_ID"")
4 - access(""TIME_BY_DAY"".""TIME_ID""=""FT"".""TIME_ID"")
","with sales explain unit_sales by product_category, the_month against store_cost, store_sales using CrossCorrelation, Multireg, Polyfit",134,37436.0,403.0,88.0,764.0,900,49
1224,5a6c67b0-c738-4d53-b211-10fa2c768d4a,"Plan hash value: 165028050

----------------------------------------------------------------------------------------
| Id  | Operation            | Name            | Rows  | Bytes | Cost (%CPU)| Time     |
----------------------------------------------------------------------------------------
|   0 | SELECT STATEMENT     |                 |  1731 | 83088 |    88  (14)| 00:00:02 |
|   1 |  SORT GROUP BY       |                 |  1731 | 83088 |    88  (14)| 00:00:02 |
|*  2 |   HASH JOIN          |                 | 86835 |  4070K|    81   (7)| 00:00:01 |
|   3 |    TABLE ACCESS FULL | PRODUCT         |  1560 | 23400 |     4   (0)| 00:00:01 |
|*  4 |    HASH JOIN         |                 | 86835 |  2798K|    76   (6)| 00:00:01 |
|   5 |     TABLE ACCESS FULL| TIME_BY_DAY     |   730 |  8760 |     3   (0)| 00:00:01 |
|   6 |     TABLE ACCESS FULL| SALES_FACT_1997 | 86835 |  1780K|    71   (3)| 00:00:01 |
----------------------------------------------------------------------------------------

Predicate Information (identified by operation id):
---------------------------------------------------

2 - access(""PRODUCT"".""PRODUCT_ID""=""FT"".""PRODUCT_ID"")
4 - access(""TIME_BY_DAY"".""TIME_ID""=""FT"".""TIME_ID"")
","with sales explain unit_sales by product_subcategory, the_month against store_cost, store_sales using CrossCorrelation, Multireg, Polyfit",137,83088.0,412.0,88.0,1731.0,898,51
12113,3c712693-bc13-4ee9-b32b-db8864b33420,"Plan hash value: 251198219

--------------------------------------------------------------------------------------------------
| Id  | Operation              | Name            | Rows  | Bytes |TempSpc| Cost (%CPU)| Time     |
--------------------------------------------------------------------------------------------------
|   0 | SELECT STATEMENT       |                 | 10278 |   672K|       |   614   (3)| 00:00:08 |
|   1 |  SORT GROUP BY         |                 | 10278 |   672K|   856K|   614   (3)| 00:00:08 |
|*  2 |   HASH JOIN            |                 | 10278 |   672K|       |   449   (3)| 00:00:06 |
|   3 |    TABLE ACCESS FULL   | TIME_BY_DAY     |   730 |  8760 |       |     3   (0)| 00:00:01 |
|   4 |    VIEW                | VW_GBC_9        | 10278 |   552K|       |   445   (3)| 00:00:06 |
|   5 |     HASH GROUP BY      |                 | 10278 |   371K|  4440K|   445   (3)| 00:00:06 |
|*  6 |      HASH JOIN         |                 | 86835 |  3137K|       |    77   (6)| 00:00:01 |
|   7 |       TABLE ACCESS FULL| PRODUCT         |  1560 | 24960 |       |     4   (0)| 00:00:01 |
|   8 |       TABLE ACCESS FULL| SALES_FACT_1997 | 86835 |  1780K|       |    71   (3)| 00:00:01 |
--------------------------------------------------------------------------------------------------

Predicate Information (identified by operation id):
---------------------------------------------------

2 - access(""TIME_BY_DAY"".""TIME_ID""=""ITEM_1"")
6 - access(""PRODUCT"".""PRODUCT_ID""=""FT"".""PRODUCT_ID"")
","with sales explain unit_sales by product_category, the_date against store_cost, store_sales using CrossCorrelation, Multireg, Polyfit",133,672000.0,400.0,614.0,10278.0,925,48
16949,957250e3-7e4a-460e-bf9a-bc4a8f5d2ef7,"Plan hash value: 1148224997

-----------------------------------------------------------------------------------------------
| Id  | Operation           | Name            | Rows  | Bytes |TempSpc| Cost (%CPU)| Time     |
-----------------------------------------------------------------------------------------------
|   0 | SELECT STATEMENT    |                 | 86835 |  2883K|       |   873   (2)| 00:00:11 |
|   1 |  SORT GROUP BY      |                 | 86835 |  2883K|  4096K|   873   (2)| 00:00:11 |
|*  2 |   HASH JOIN         |                 | 86835 |  2883K|       |    76   (6)| 00:00:01 |
|   3 |    TABLE ACCESS FULL| TIME_BY_DAY     |   730 |  8760 |       |     3   (0)| 00:00:01 |
|   4 |    TABLE ACCESS FULL| SALES_FACT_1997 | 86835 |  1865K|       |    71   (3)| 00:00:01 |
-----------------------------------------------------------------------------------------------

Predicate Information (identified by operation id):
---------------------------------------------------

2 - access(""TIME_BY_DAY"".""TIME_ID""=""FT"".""TIME_ID"")
","with sales explain unit_sales by customer_id, the_month against store_cost, store_sales using CrossCorrelation, Multireg, Polyfit",129,2883000.0,395.0,873.0,86835.0,942,70
18492,bfa29a08-610d-461e-938e-f00ea2599a80,"Plan hash value: 1148224997

-----------------------------------------------------------------------------------------------
| Id  | Operation           | Name            | Rows  | Bytes |TempSpc| Cost (%CPU)| Time     |
-----------------------------------------------------------------------------------------------
|   0 | SELECT STATEMENT    |                 | 26458 |   852K|       |   508   (3)| 00:00:07 |
|   1 |  SORT GROUP BY      |                 | 26458 |   852K|  4096K|   508   (3)| 00:00:07 |
|*  2 |   HASH JOIN         |                 | 86835 |  2798K|       |    76   (6)| 00:00:01 |
|   3 |    TABLE ACCESS FULL| TIME_BY_DAY     |   730 |  8760 |       |     3   (0)| 00:00:01 |
|   4 |    TABLE ACCESS FULL| SALES_FACT_1997 | 86835 |  1780K|       |    71   (3)| 00:00:01 |
-----------------------------------------------------------------------------------------------

Predicate Information (identified by operation id):
---------------------------------------------------

2 - access(""TIME_BY_DAY"".""TIME_ID""=""FT"".""TIME_ID"")
","with sales explain unit_sales by product_id, the_month against store_cost, store_sales using CrossCorrelation, Multireg, Polyfit",128,852000.0,385.0,508.0,26458.0,953,67
20525,fe44381d-c43e-43f6-ac71-11bd93153fbd,"Plan hash value: 1148224997

-----------------------------------------------------------------------------------------------
| Id  | Operation           | Name            | Rows  | Bytes |TempSpc| Cost (%CPU)| Time     |
-----------------------------------------------------------------------------------------------
|   0 | SELECT STATEMENT    |                 | 86835 |  2883K|       |   873   (2)| 00:00:11 |
|   1 |  SORT GROUP BY      |                 | 86835 |  2883K|  4096K|   873   (2)| 00:00:11 |
|*  2 |   HASH JOIN         |                 | 86835 |  2883K|       |    76   (6)| 00:00:01 |
|   3 |    TABLE ACCESS FULL| TIME_BY_DAY     |   730 |  8760 |       |     3   (0)| 00:00:01 |
|   4 |    TABLE ACCESS FULL| SALES_FACT_1997 | 86835 |  1865K|       |    71   (3)| 00:00:01 |
-----------------------------------------------------------------------------------------------

Predicate Information (identified by operation id):
---------------------------------------------------

2 - access(""TIME_BY_DAY"".""TIME_ID""=""FT"".""TIME_ID"")
","with sales explain unit_sales by customer_id, the_date against store_cost, store_sales using CrossCorrelation, Multireg, Polyfit",128,2883000.0,392.0,873.0,86835.0,953,71
77832,31a7851c-d194-4d29-8b13-88c7819ff29e,"Plan hash value: 1148224997

-----------------------------------------------------------------------------------------------
| Id  | Operation           | Name            | Rows  | Bytes |TempSpc| Cost (%CPU)| Time     |
-----------------------------------------------------------------------------------------------
|   0 | SELECT STATEMENT    |                 | 86835 |  2798K|       |   855   (2)| 00:00:11 |
|   1 |  SORT GROUP BY      |                 | 86835 |  2798K|  4096K|   855   (2)| 00:00:11 |
|*  2 |   HASH JOIN         |                 | 86835 |  2798K|       |    76   (6)| 00:00:01 |
|   3 |    TABLE ACCESS FULL| TIME_BY_DAY     |   730 |  8760 |       |     3   (0)| 00:00:01 |
|   4 |    TABLE ACCESS FULL| SALES_FACT_1997 | 86835 |  1780K|       |    71   (3)| 00:00:01 |
-----------------------------------------------------------------------------------------------

Predicate Information (identified by operation id):
---------------------------------------------------

2 - access(""TIME_BY_DAY"".""TIME_ID""=""FT"".""TIME_ID"")
","with sales explain unit_sales by product_id, the_date against store_cost, store_sales using CrossCorrelation, Multireg, Polyfit",127,2798000.0,382.0,855.0,86835.0,1029,80
86832,7028e14e-73e7-487c-9588-3e1a4e520ff3,"Plan hash value: 1148224997

-----------------------------------------------------------------------------------------------
| Id  | Operation           | Name            | Rows  | Bytes |TempSpc| Cost (%CPU)| Time     |
-----------------------------------------------------------------------------------------------
|   0 | SELECT STATEMENT    |                 | 86835 |  3222K|       |   939   (2)| 00:00:12 |
|   1 |  SORT GROUP BY      |                 | 86835 |  3222K|  4800K|   939   (2)| 00:00:12 |
|*  2 |   HASH JOIN         |                 | 86835 |  3222K|       |    76   (6)| 00:00:01 |
|   3 |    TABLE ACCESS FULL| TIME_BY_DAY     |   730 |  8760 |       |     3   (0)| 00:00:01 |
|   4 |    TABLE ACCESS FULL| SALES_FACT_1997 | 86835 |  2204K|       |    71   (3)| 00:00:01 |
-----------------------------------------------------------------------------------------------

Predicate Information (identified by operation id):
---------------------------------------------------

2 - access(""TIME_BY_DAY"".""TIME_ID""=""FT"".""TIME_ID"")
","with sales explain unit_sales by customer_id, product_id, the_date against store_cost, store_sales using CrossCorrelation, Multireg, Polyfit",140,3222000.0,509.0,939.0,86835.0,1054,97
12,463439c4-49fc-42e5-b5b5-0cf5ee5bb369,"Plan hash value: 1148224997

---------------------------------------------------------------------------------------
| Id  | Operation           | Name            | Rows  | Bytes | Cost (%CPU)| Time     |
---------------------------------------------------------------------------------------
|   0 | SELECT STATEMENT    |                 |    24 |   696 |    82  (13)| 00:00:01 |
|   1 |  SORT GROUP BY      |                 |    24 |   696 |    82  (13)| 00:00:01 |
|*  2 |   HASH JOIN         |                 | 86835 |  2459K|    76   (6)| 00:00:01 |
|   3 |    TABLE ACCESS FULL| TIME_BY_DAY     |   730 |  8760 |     3   (0)| 00:00:01 |
|   4 |    TABLE ACCESS FULL| SALES_FACT_1997 | 86835 |  1441K|    71   (3)| 00:00:01 |
---------------------------------------------------------------------------------------

Predicate Information (identified by operation id):
---------------------------------------------------

2 - access(""TIME_BY_DAY"".""TIME_ID""=""FT"".""TIME_ID"")
","with sales explain unit_sales by the_month against store_cost, store_sales using CrossCorrelation, Multireg, Polyfit",116,696.0,268.0,82.0,24.0,867,28
36,7e73d84c-441c-4aa6-bb9c-2318b539fb60,"Plan hash value: 165028050

----------------------------------------------------------------------------------------
| Id  | Operation            | Name            | Rows  | Bytes | Cost (%CPU)| Time     |
----------------------------------------------------------------------------------------
|   0 | SELECT STATEMENT     |                 |    51 |  2244 |    88  (14)| 00:00:02 |
|   1 |  SORT GROUP BY       |                 |    51 |  2244 |    88  (14)| 00:00:02 |
|*  2 |   HASH JOIN          |                 | 86835 |  3731K|    81   (7)| 00:00:01 |
|   3 |    TABLE ACCESS FULL | PRODUCT         |  1560 | 17160 |     4   (0)| 00:00:01 |
|*  4 |    HASH JOIN         |                 | 86835 |  2798K|    76   (6)| 00:00:01 |
|   5 |     TABLE ACCESS FULL| TIME_BY_DAY     |   730 |  8760 |     3   (0)| 00:00:01 |
|   6 |     TABLE ACCESS FULL| SALES_FACT_1997 | 86835 |  1780K|    71   (3)| 00:00:01 |
----------------------------------------------------------------------------------------

Predicate Information (identified by operation id):
---------------------------------------------------

2 - access(""PRODUCT"".""PRODUCT_ID""=""FT"".""PRODUCT_ID"")
4 - access(""TIME_BY_DAY"".""TIME_ID""=""FT"".""TIME_ID"")
","with sales explain unit_sales by product_family, the_month against store_cost, store_sales using CrossCorrelation, Multireg, Polyfit",132,2244.0,397.0,88.0,51.0,893,39
323,2c498b6c-db01-45dd-b940-d5c4476da62d,"Plan hash value: 1148224997

---------------------------------------------------------------------------------------
| Id  | Operation           | Name            | Rows  | Bytes | Cost (%CPU)| Time     |
---------------------------------------------------------------------------------------
|   0 | SELECT STATEMENT    |                 |   730 | 21170 |    82  (13)| 00:00:01 |
|   1 |  SORT GROUP BY      |                 |   730 | 21170 |    82  (13)| 00:00:01 |
|*  2 |   HASH JOIN         |                 | 86835 |  2459K|    76   (6)| 00:00:01 |
|   3 |    TABLE ACCESS FULL| TIME_BY_DAY     |   730 |  8760 |     3   (0)| 00:00:01 |
|   4 |    TABLE ACCESS FULL| SALES_FACT_1997 | 86835 |  1441K|    71   (3)| 00:00:01 |
---------------------------------------------------------------------------------------

Predicate Information (identified by operation id):
---------------------------------------------------

2 - access(""TIME_BY_DAY"".""TIME_ID""=""FT"".""TIME_ID"")
","with sales explain unit_sales by the_date against store_cost, store_sales using CrossCorrelation, Multireg, Polyfit",115,21170.0,265.0,82.0,730.0,890,34
540,3c5a0a2c-f76d-4bc3-801b-030906c27f5c,"Plan hash value: 165028050

----------------------------------------------------------------------------------------
| Id  | Operation            | Name            | Rows  | Bytes | Cost (%CPU)| Time     |
----------------------------------------------------------------------------------------
|   0 | SELECT STATEMENT     |                 |   764 | 37436 |    88  (14)| 00:00:02 |
|   1 |  SORT GROUP BY       |                 |   764 | 37436 |    88  (14)| 00:00:02 |
|*  2 |   HASH JOIN          |                 | 86835 |  4155K|    81   (7)| 00:00:01 |
|   3 |    TABLE ACCESS FULL | PRODUCT         |  1560 | 24960 |     4   (0)| 00:00:01 |
|*  4 |    HASH JOIN         |                 | 86835 |  2798K|    76   (6)| 00:00:01 |
|   5 |     TABLE ACCESS FULL| TIME_BY_DAY     |   730 |  8760 |     3   (0)| 00:00:01 |
|   6 |     TABLE ACCESS FULL| SALES_FACT_1997 | 86835 |  1780K|    71   (3)| 00:00:01 |
----------------------------------------------------------------------------------------

Predicate Information (identified by operation id):
---------------------------------------------------

2 - access(""PRODUCT"".""PRODUCT_ID""=""FT"".""PRODUCT_ID"")
4 - access(""TIME_BY_DAY"".""TIME_ID""=""FT"".""TIME_ID"")
","with sales explain unit_sales by product_category, the_month against store_cost, store_sales using CrossCorrelation, Multireg, Polyfit",134,37436.0,403.0,88.0,764.0,910,55
1224,d4833f58-26e8-48e5-9548-50915b1d6202,"Plan hash value: 165028050

----------------------------------------------------------------------------------------
| Id  | Operation            | Name            | Rows  | Bytes | Cost (%CPU)| Time     |
----------------------------------------------------------------------------------------
|   0 | SELECT STATEMENT     |                 |  1731 | 83088 |    88  (14)| 00:00:02 |
|   1 |  SORT GROUP BY       |                 |  1731 | 83088 |    88  (14)| 00:00:02 |
|*  2 |   HASH JOIN          |                 | 86835 |  4070K|    81   (7)| 00:00:01 |
|   3 |    TABLE ACCESS FULL | PRODUCT         |  1560 | 23400 |     4   (0)| 00:00:01 |
|*  4 |    HASH JOIN         |                 | 86835 |  2798K|    76   (6)| 00:00:01 |
|   5 |     TABLE ACCESS FULL| TIME_BY_DAY     |   730 |  8760 |     3   (0)| 00:00:01 |
|   6 |     TABLE ACCESS FULL| SALES_FACT_1997 | 86835 |  1780K|    71   (3)| 00:00:01 |
----------------------------------------------------------------------------------------

Predicate Information (identified by operation id):
---------------------------------------------------

2 - access(""PRODUCT"".""PRODUCT_ID""=""FT"".""PRODUCT_ID"")
4 - access(""TIME_BY_DAY"".""TIME_ID""=""FT"".""TIME_ID"")
","with sales explain unit_sales by product_subcategory, the_month against store_cost, store_sales using CrossCorrelation, Multireg, Polyfit",137,83088.0,412.0,88.0,1731.0,909,55
12113,904c1d14-a630-486f-968c-af695139da1a,"Plan hash value: 251198219

--------------------------------------------------------------------------------------------------
| Id  | Operation              | Name            | Rows  | Bytes |TempSpc| Cost (%CPU)| Time     |
--------------------------------------------------------------------------------------------------
|   0 | SELECT STATEMENT       |                 | 10278 |   672K|       |   614   (3)| 00:00:08 |
|   1 |  SORT GROUP BY         |                 | 10278 |   672K|   856K|   614   (3)| 00:00:08 |
|*  2 |   HASH JOIN            |                 | 10278 |   672K|       |   449   (3)| 00:00:06 |
|   3 |    TABLE ACCESS FULL   | TIME_BY_DAY     |   730 |  8760 |       |     3   (0)| 00:00:01 |
|   4 |    VIEW                | VW_GBC_9        | 10278 |   552K|       |   445   (3)| 00:00:06 |
|   5 |     HASH GROUP BY      |                 | 10278 |   371K|  4440K|   445   (3)| 00:00:06 |
|*  6 |      HASH JOIN         |                 | 86835 |  3137K|       |    77   (6)| 00:00:01 |
|   7 |       TABLE ACCESS FULL| PRODUCT         |  1560 | 24960 |       |     4   (0)| 00:00:01 |
|   8 |       TABLE ACCESS FULL| SALES_FACT_1997 | 86835 |  1780K|       |    71   (3)| 00:00:01 |
--------------------------------------------------------------------------------------------------

Predicate Information (identified by operation id):
---------------------------------------------------

2 - access(""TIME_BY_DAY"".""TIME_ID""=""ITEM_1"")
6 - access(""PRODUCT"".""PRODUCT_ID""=""FT"".""PRODUCT_ID"")
","with sales explain unit_sales by product_category, the_date against store_cost, store_sales using CrossCorrelation, Multireg, Polyfit",133,672000.0,400.0,614.0,10278.0,924,49
16949,138b1e5e-fe2f-4879-8bd2-a925ccf7f2d7,"Plan hash value: 1148224997

-----------------------------------------------------------------------------------------------
| Id  | Operation           | Name            | Rows  | Bytes |TempSpc| Cost (%CPU)| Time     |
-----------------------------------------------------------------------------------------------
|   0 | SELECT STATEMENT    |                 | 86835 |  2883K|       |   873   (2)| 00:00:11 |
|   1 |  SORT GROUP BY      |                 | 86835 |  2883K|  4096K|   873   (2)| 00:00:11 |
|*  2 |   HASH JOIN         |                 | 86835 |  2883K|       |    76   (6)| 00:00:01 |
|   3 |    TABLE ACCESS FULL| TIME_BY_DAY     |   730 |  8760 |       |     3   (0)| 00:00:01 |
|   4 |    TABLE ACCESS FULL| SALES_FACT_1997 | 86835 |  1865K|       |    71   (3)| 00:00:01 |
-----------------------------------------------------------------------------------------------

Predicate Information (identified by operation id):
---------------------------------------------------

2 - access(""TIME_BY_DAY"".""TIME_ID""=""FT"".""TIME_ID"")
","with sales explain unit_sales by customer_id, the_month against store_cost, store_sales using CrossCorrelation, Multireg, Polyfit",129,2883000.0,395.0,873.0,86835.0,939,68
18492,83b61701-b09b-43ef-9678-8c558c760f34,"Plan hash value: 1148224997

-----------------------------------------------------------------------------------------------
| Id  | Operation           | Name            | Rows  | Bytes |TempSpc| Cost (%CPU)| Time     |
-----------------------------------------------------------------------------------------------
|   0 | SELECT STATEMENT    |                 | 26458 |   852K|       |   508   (3)| 00:00:07 |
|   1 |  SORT GROUP BY      |                 | 26458 |   852K|  4096K|   508   (3)| 00:00:07 |
|*  2 |   HASH JOIN         |                 | 86835 |  2798K|       |    76   (6)| 00:00:01 |
|   3 |    TABLE ACCESS FULL| TIME_BY_DAY     |   730 |  8760 |       |     3   (0)| 00:00:01 |
|   4 |    TABLE ACCESS FULL| SALES_FACT_1997 | 86835 |  1780K|       |    71   (3)| 00:00:01 |
-----------------------------------------------------------------------------------------------

Predicate Information (identified by operation id):
---------------------------------------------------

2 - access(""TIME_BY_DAY"".""TIME_ID""=""FT"".""TIME_ID"")
","with sales explain unit_sales by product_id, the_month against store_cost, store_sales using CrossCorrelation, Multireg, Polyfit",128,852000.0,385.0,508.0,26458.0,941,60
20525,6a9c13ef-9702-40a0-a486-1c10d680df24,"Plan hash value: 1148224997

-----------------------------------------------------------------------------------------------
| Id  | Operation           | Name            | Rows  | Bytes |TempSpc| Cost (%CPU)| Time     |
-----------------------------------------------------------------------------------------------
|   0 | SELECT STATEMENT    |                 | 86835 |  2883K|       |   873   (2)| 00:00:11 |
|   1 |  SORT GROUP BY      |                 | 86835 |  2883K|  4096K|   873   (2)| 00:00:11 |
|*  2 |   HASH JOIN         |                 | 86835 |  2883K|       |    76   (6)| 00:00:01 |
|   3 |    TABLE ACCESS FULL| TIME_BY_DAY     |   730 |  8760 |       |     3   (0)| 00:00:01 |
|   4 |    TABLE ACCESS FULL| SALES_FACT_1997 | 86835 |  1865K|       |    71   (3)| 00:00:01 |
-----------------------------------------------------------------------------------------------

Predicate Information (identified by operation id):
---------------------------------------------------

2 - access(""TIME_BY_DAY"".""TIME_ID""=""FT"".""TIME_ID"")
","with sales explain unit_sales by customer_id, the_date against store_cost, store_sales using CrossCorrelation, Multireg, Polyfit",128,2883000.0,392.0,873.0,86835.0,947,71
77832,d4ab32c6-d69e-4f1b-a4f2-fb28f01578a5,"Plan hash value: 1148224997

-----------------------------------------------------------------------------------------------
| Id  | Operation           | Name            | Rows  | Bytes |TempSpc| Cost (%CPU)| Time     |
-----------------------------------------------------------------------------------------------
|   0 | SELECT STATEMENT    |                 | 86835 |  2798K|       |   855   (2)| 00:00:11 |
|   1 |  SORT GROUP BY      |                 | 86835 |  2798K|  4096K|   855   (2)| 00:00:11 |
|*  2 |   HASH JOIN         |                 | 86835 |  2798K|       |    76   (6)| 00:00:01 |
|   3 |    TABLE ACCESS FULL| TIME_BY_DAY     |   730 |  8760 |       |     3   (0)| 00:00:01 |
|   4 |    TABLE ACCESS FULL| SALES_FACT_1997 | 86835 |  1780K|       |    71   (3)| 00:00:01 |
-----------------------------------------------------------------------------------------------

Predicate Information (identified by operation id):
---------------------------------------------------

2 - access(""TIME_BY_DAY"".""TIME_ID""=""FT"".""TIME_ID"")
","with sales explain unit_sales by product_id, the_date against store_cost, store_sales using CrossCorrelation, Multireg, Polyfit",127,2798000.0,382.0,855.0,86835.0,1022,74
86832,385e2fe4-3335-4197-88de-35e483a4c14d,"Plan hash value: 1148224997

-----------------------------------------------------------------------------------------------
| Id  | Operation           | Name            | Rows  | Bytes |TempSpc| Cost (%CPU)| Time     |
-----------------------------------------------------------------------------------------------
|   0 | SELECT STATEMENT    |                 | 86835 |  3222K|       |   939   (2)| 00:00:12 |
|   1 |  SORT GROUP BY      |                 | 86835 |  3222K|  4800K|   939   (2)| 00:00:12 |
|*  2 |   HASH JOIN         |                 | 86835 |  3222K|       |    76   (6)| 00:00:01 |
|   3 |    TABLE ACCESS FULL| TIME_BY_DAY     |   730 |  8760 |       |     3   (0)| 00:00:01 |
|   4 |    TABLE ACCESS FULL| SALES_FACT_1997 | 86835 |  2204K|       |    71   (3)| 00:00:01 |
-----------------------------------------------------------------------------------------------

Predicate Information (identified by operation id):
---------------------------------------------------

2 - access(""TIME_BY_DAY"".""TIME_ID""=""FT"".""TIME_ID"")
","with sales explain unit_sales by customer_id, product_id, the_date against store_cost, store_sales using CrossCorrelation, Multireg, Polyfit",140,3222000.0,509.0,939.0,86835.0,1055,91
